#
# There is insufficient memory for the Java Runtime Environment to continue.
# Native memory allocation (malloc) failed to allocate 1671312 bytes for Chunk::new
# Possible reasons:
#   The system is out of physical RAM or swap space
#   The process is running with CompressedOops enabled, and the Java Heap may be blocking the growth of the native heap
# Possible solutions:
#   Reduce memory load on the system
#   Increase physical memory or swap space
#   Check if swap backing store is full
#   Decrease Java heap size (-Xmx/-Xms)
#   Decrease number of Java threads
#   Decrease Java thread stack sizes (-Xss)
#   Set larger code cache with -XX:ReservedCodeCacheSize=
#   JVM is running with Unscaled Compressed Oops mode in which the Java heap is
#     placed in the first 4GB address space. The Java Heap base address is the
#     maximum limit for the native heap growth. Please use -XX:HeapBaseMinAddress
#     to set the Java Heap base and to place the Java Heap above 4GB virtual address.
# This output file may be truncated or incomplete.
#
#  Out of Memory Error (arena.cpp:168), pid=26148, tid=22316
#
# JRE version: Java(TM) SE Runtime Environment (21.0.7+8) (build 21.0.7+8-LTS-245)
# Java VM: Java HotSpot(TM) 64-Bit Server VM (21.0.7+8-LTS-245, mixed mode, sharing, tiered, compressed oops, compressed class ptrs, g1 gc, windows-amd64)
# No core dump will be written. Minidumps are not enabled by default on client versions of Windows
#

---------------  S U M M A R Y ------------

Command Line: --add-opens=java.base/java.lang=ALL-UNNAMED --add-opens=java.base/java.lang.invoke=ALL-UNNAMED --add-opens=java.base/java.util=ALL-UNNAMED --add-opens=java.prefs/java.util.prefs=ALL-UNNAMED --add-exports=jdk.compiler/com.sun.tools.javac.api=ALL-UNNAMED --add-exports=jdk.compiler/com.sun.tools.javac.util=ALL-UNNAMED --add-opens=java.base/java.util=ALL-UNNAMED --add-opens=java.prefs/java.util.prefs=ALL-UNNAMED --add-opens=java.base/java.nio.charset=ALL-UNNAMED --add-opens=java.base/java.net=ALL-UNNAMED --add-opens=java.base/java.util.concurrent.atomic=ALL-UNNAMED --add-opens=java.xml/javax.xml.namespace=ALL-UNNAMED -XX:MaxMetaspaceSize=384m -XX:+HeapDumpOnOutOfMemoryError -Xms256m -Xmx512m -Dfile.encoding=UTF-8 -Duser.country=VN -Duser.language=vi -Duser.variant -javaagent:C:\Users\PC\.gradle\wrapper\dists\gradle-8.14.2-bin\2pb3mgt1p815evrl3weanttgr\gradle-8.14.2\lib\agents\gradle-instrumentation-agent-8.14.2.jar org.gradle.launcher.daemon.bootstrap.GradleDaemon 8.14.2

Host: AMD Ryzen 5 6600H with Radeon Graphics         , 12 cores, 5G,  Windows 11 , 64 bit Build 26100 (10.0.26100.4202)
Time: Sat Jun 21 22:27:34 2025 SE Asia Standard Time elapsed time: 8.080869 seconds (0d 0h 0m 8s)

---------------  T H R E A D  ---------------

Current thread (0x000001e0ee4bf580):  JavaThread "C2 CompilerThread1" daemon [_thread_in_native, id=22316, stack(0x0000003b97c00000,0x0000003b97d00000) (1024K)]


Current CompileTask:
C2:   8081 4788   !   4       sun.reflect.annotation.AnnotationParser::parseAnnotations (37 bytes)

Stack: [0x0000003b97c00000,0x0000003b97d00000]
Native frames: (J=compiled Java code, j=interpreted, Vv=VM code, C=native code)
V  [jvm.dll+0x6cae19]
V  [jvm.dll+0x855741]
V  [jvm.dll+0x857c6e]
V  [jvm.dll+0x858343]
V  [jvm.dll+0x27e0b6]
V  [jvm.dll+0xc4ecd]
V  [jvm.dll+0xc5403]
V  [jvm.dll+0x3b578c]
V  [jvm.dll+0x1dfa19]
V  [jvm.dll+0x246c82]
V  [jvm.dll+0x24610f]
V  [jvm.dll+0x1c6efe]
V  [jvm.dll+0x255819]
V  [jvm.dll+0x253daa]
V  [jvm.dll+0x3eebb6]
V  [jvm.dll+0x7ffa1b]
V  [jvm.dll+0x6c94fd]
C  [ucrtbase.dll+0x37b0]
C  [KERNEL32.DLL+0x2e8d7]
C  [ntdll.dll+0x3c34c]


---------------  P R O C E S S  ---------------

Threads class SMR info:
_java_thread_list=0x000001e0f7b46130, length=36, elements={
0x000001e0d0eebd70, 0x000001e0ee357a50, 0x000001e0ee3585a0, 0x000001e0ee470080,
0x000001e0ee470810, 0x000001e0ee472a70, 0x000001e0ee475960, 0x000001e0ee483230,
0x000001e0ee4beeb0, 0x000001e0ee332460, 0x000001e0ee78d7e0, 0x000001e0f47ea4e0,
0x000001e0f47fcf20, 0x000001e0f4807240, 0x000001e0f4990000, 0x000001e0f49afe10,
0x000001e0f49eb810, 0x000001e0f49e9a00, 0x000001e0f49f9a40, 0x000001e0f49f0d60,
0x000001e0f49ef9b0, 0x000001e0f49eec90, 0x000001e0f49ef320, 0x000001e0f49f0040,
0x000001e0ee4bf580, 0x000001e0f49f06d0, 0x000001e0f49f2110, 0x000001e0f49f13f0,
0x000001e0f49f1a80, 0x000001e0f328edc0, 0x000001e0f328f450, 0x000001e0f328fae0,
0x000001e0f3290170, 0x000001e0f3290800, 0x000001e0f3290e90, 0x000001e0f3292240
}

Java Threads: ( => current thread )
  0x000001e0d0eebd70 JavaThread "main"                              [_thread_blocked, id=4092, stack(0x0000003b95700000,0x0000003b95800000) (1024K)]
  0x000001e0ee357a50 JavaThread "Reference Handler"          daemon [_thread_blocked, id=13136, stack(0x0000003b95f00000,0x0000003b96000000) (1024K)]
  0x000001e0ee3585a0 JavaThread "Finalizer"                  daemon [_thread_blocked, id=2364, stack(0x0000003b96000000,0x0000003b96100000) (1024K)]
  0x000001e0ee470080 JavaThread "Signal Dispatcher"          daemon [_thread_blocked, id=20256, stack(0x0000003b96100000,0x0000003b96200000) (1024K)]
  0x000001e0ee470810 JavaThread "Attach Listener"            daemon [_thread_blocked, id=15352, stack(0x0000003b96200000,0x0000003b96300000) (1024K)]
  0x000001e0ee472a70 JavaThread "Service Thread"             daemon [_thread_blocked, id=22084, stack(0x0000003b96300000,0x0000003b96400000) (1024K)]
  0x000001e0ee475960 JavaThread "Monitor Deflation Thread"   daemon [_thread_blocked, id=936, stack(0x0000003b96400000,0x0000003b96500000) (1024K)]
  0x000001e0ee483230 JavaThread "C2 CompilerThread0"         daemon [_thread_in_native, id=22640, stack(0x0000003b96500000,0x0000003b96600000) (1024K)]
  0x000001e0ee4beeb0 JavaThread "C1 CompilerThread0"         daemon [_thread_blocked, id=30132, stack(0x0000003b96600000,0x0000003b96700000) (1024K)]
  0x000001e0ee332460 JavaThread "Common-Cleaner"             daemon [_thread_blocked, id=27392, stack(0x0000003b96700000,0x0000003b96800000) (1024K)]
  0x000001e0ee78d7e0 JavaThread "Notification Thread"        daemon [_thread_blocked, id=28612, stack(0x0000003b96900000,0x0000003b96a00000) (1024K)]
  0x000001e0f47ea4e0 JavaThread "Daemon health stats"               [_thread_blocked, id=20436, stack(0x0000003b97000000,0x0000003b97100000) (1024K)]
  0x000001e0f47fcf20 JavaThread "Incoming local TCP Connector on port 52774"        [_thread_in_native, id=8100, stack(0x0000003b97100000,0x0000003b97200000) (1024K)]
  0x000001e0f4807240 JavaThread "Daemon periodic checks"            [_thread_blocked, id=29708, stack(0x0000003b97200000,0x0000003b97300000) (1024K)]
  0x000001e0f4990000 JavaThread "Daemon"                            [_thread_blocked, id=13816, stack(0x0000003b97300000,0x0000003b97400000) (1024K)]
  0x000001e0f49afe10 JavaThread "Handler for socket connection from /127.0.0.1:52774 to /127.0.0.1:52775"        [_thread_in_native, id=17040, stack(0x0000003b97400000,0x0000003b97500000) (1024K)]
  0x000001e0f49eb810 JavaThread "Cancel handler"                    [_thread_blocked, id=21556, stack(0x0000003b97500000,0x0000003b97600000) (1024K)]
  0x000001e0f49e9a00 JavaThread "Daemon worker"                     [_thread_in_vm, id=23096, stack(0x0000003b97600000,0x0000003b97700000) (1024K)]
  0x000001e0f49f9a40 JavaThread "Asynchronous log dispatcher for DefaultDaemonConnection: socket connection from /127.0.0.1:52774 to /127.0.0.1:52775"        [_thread_blocked, id=29744, stack(0x0000003b97700000,0x0000003b97800000) (1024K)]
  0x000001e0f49f0d60 JavaThread "Stdin handler"                     [_thread_blocked, id=26020, stack(0x0000003b97800000,0x0000003b97900000) (1024K)]
  0x000001e0f49ef9b0 JavaThread "Daemon client event forwarder"        [_thread_blocked, id=12372, stack(0x0000003b97900000,0x0000003b97a00000) (1024K)]
  0x000001e0f49eec90 JavaThread "Cache worker for journal cache (C:\Users\PC\.gradle\caches\journal-1)"        [_thread_blocked, id=29144, stack(0x0000003b97a00000,0x0000003b97b00000) (1024K)]
  0x000001e0f49ef320 JavaThread "File lock request listener"        [_thread_in_native, id=30240, stack(0x0000003b97b00000,0x0000003b97c00000) (1024K)]
  0x000001e0f49f0040 JavaThread "Cache worker for file hash cache (C:\Users\PC\.gradle\caches\8.14.2\fileHashes)"        [_thread_blocked, id=13008, stack(0x0000003b96800000,0x0000003b96900000) (1024K)]
=>0x000001e0ee4bf580 JavaThread "C2 CompilerThread1"         daemon [_thread_in_native, id=22316, stack(0x0000003b97c00000,0x0000003b97d00000) (1024K)]
  0x000001e0f49f06d0 JavaThread "Cache worker for file hash cache (C:\Users\PC\Documents\workspace-spring-tool-suite-4-4.27.0.RELEASE\lab3_java5\.gradle\8.14.2\fileHashes)"        [_thread_blocked, id=29484, stack(0x0000003b98200000,0x0000003b98300000) (1024K)]
  0x000001e0f49f2110 JavaThread "Cache worker for Build Output Cleanup Cache (C:\Users\PC\Documents\workspace-spring-tool-suite-4-4.27.0.RELEASE\lab3_java5\.gradle\buildOutputCleanup)"        [_thread_blocked, id=24000, stack(0x0000003b98300000,0x0000003b98400000) (1024K)]
  0x000001e0f49f13f0 JavaThread "File watcher server"        daemon [_thread_in_native, id=26976, stack(0x0000003b98400000,0x0000003b98500000) (1024K)]
  0x000001e0f49f1a80 JavaThread "File watcher consumer"      daemon [_thread_blocked, id=5028, stack(0x0000003b98500000,0x0000003b98600000) (1024K)]
  0x000001e0f328edc0 JavaThread "jar transforms"                    [_thread_blocked, id=27860, stack(0x0000003b98600000,0x0000003b98700000) (1024K)]
  0x000001e0f328f450 JavaThread "jar transforms Thread 2"           [_thread_blocked, id=11580, stack(0x0000003b98700000,0x0000003b98800000) (1024K)]
  0x000001e0f328fae0 JavaThread "Cache worker for checksums cache (C:\Users\PC\Documents\workspace-spring-tool-suite-4-4.27.0.RELEASE\lab3_java5\.gradle\8.14.2\checksums)"        [_thread_blocked, id=30252, stack(0x0000003b98800000,0x0000003b98900000) (1024K)]
  0x000001e0f3290170 JavaThread "Cache worker for file content cache (C:\Users\PC\.gradle\caches\8.14.2\fileContent)"        [_thread_blocked, id=29376, stack(0x0000003b98900000,0x0000003b98a00000) (1024K)]
  0x000001e0f3290800 JavaThread "Cache worker for cache directory md-supplier (C:\Users\PC\.gradle\caches\8.14.2\md-supplier)"        [_thread_blocked, id=13488, stack(0x0000003b98a00000,0x0000003b98b00000) (1024K)]
  0x000001e0f3290e90 JavaThread "Cache worker for cache directory md-rule (C:\Users\PC\.gradle\caches\8.14.2\md-rule)"        [_thread_blocked, id=20332, stack(0x0000003b98b00000,0x0000003b98c00000) (1024K)]
  0x000001e0f3292240 JavaThread "jar transforms Thread 3"           [_thread_blocked, id=30112, stack(0x0000003b98c00000,0x0000003b98d00000) (1024K)]
Total: 36

Other Threads:
  0x000001e0ee341780 VMThread "VM Thread"                           [id=26144, stack(0x0000003b95e00000,0x0000003b95f00000) (1024K)]
  0x000001e0ee3315f0 WatcherThread "VM Periodic Task Thread"        [id=17696, stack(0x0000003b95d00000,0x0000003b95e00000) (1024K)]
  0x000001e0d32e8040 WorkerThread "GC Thread#0"                     [id=24432, stack(0x0000003b95800000,0x0000003b95900000) (1024K)]
  0x000001e0ee84f870 WorkerThread "GC Thread#1"                     [id=22744, stack(0x0000003b96a00000,0x0000003b96b00000) (1024K)]
  0x000001e0f3086fa0 WorkerThread "GC Thread#2"                     [id=26444, stack(0x0000003b96b00000,0x0000003b96c00000) (1024K)]
  0x000001e0f3087340 WorkerThread "GC Thread#3"                     [id=20564, stack(0x0000003b96c00000,0x0000003b96d00000) (1024K)]
  0x000001e0f30a3830 WorkerThread "GC Thread#4"                     [id=26932, stack(0x0000003b96d00000,0x0000003b96e00000) (1024K)]
  0x000001e0f30a3bd0 WorkerThread "GC Thread#5"                     [id=18224, stack(0x0000003b96e00000,0x0000003b96f00000) (1024K)]
  0x000001e0f4498ee0 WorkerThread "GC Thread#6"                     [id=15172, stack(0x0000003b96f00000,0x0000003b97000000) (1024K)]
  0x000001e0f476ee60 WorkerThread "GC Thread#7"                     [id=8236, stack(0x0000003b97d00000,0x0000003b97e00000) (1024K)]
  0x000001e0f476e380 WorkerThread "GC Thread#8"                     [id=2248, stack(0x0000003b97e00000,0x0000003b97f00000) (1024K)]
  0x000001e0f476e720 WorkerThread "GC Thread#9"                     [id=24328, stack(0x0000003b97f00000,0x0000003b98000000) (1024K)]
  0x000001e0d32ecdd0 ConcurrentGCThread "G1 Main Marker"            [id=12928, stack(0x0000003b95900000,0x0000003b95a00000) (1024K)]
  0x000001e0d32ee3a0 WorkerThread "G1 Conc#0"                       [id=29092, stack(0x0000003b95a00000,0x0000003b95b00000) (1024K)]
  0x000001e0f476f200 WorkerThread "G1 Conc#1"                       [id=17588, stack(0x0000003b98000000,0x0000003b98100000) (1024K)]
  0x000001e0f67ee5e0 WorkerThread "G1 Conc#2"                       [id=16564, stack(0x0000003b98100000,0x0000003b98200000) (1024K)]
  0x000001e0ee201650 ConcurrentGCThread "G1 Refine#0"               [id=21344, stack(0x0000003b95b00000,0x0000003b95c00000) (1024K)]
  0x000001e0ee201b80 ConcurrentGCThread "G1 Service"                [id=18184, stack(0x0000003b95c00000,0x0000003b95d00000) (1024K)]
Total: 18

Threads with active compile tasks:
C2 CompilerThread0     8124 4994       4       java.util.HashMap::computeIfAbsent (330 bytes)
C2 CompilerThread1     8124 4788   !   4       sun.reflect.annotation.AnnotationParser::parseAnnotations (37 bytes)
Total: 2

VM state: not at safepoint (normal execution)

VM Mutex/Monitor currently owned by a thread: None

Heap address: 0x00000000e0000000, size: 512 MB, Compressed Oops mode: 32-bit

CDS archive(s) mapped at: [0x000001e080000000-0x000001e080c90000-0x000001e080c90000), size 13172736, SharedBaseAddress: 0x000001e080000000, ArchiveRelocationMode: 1.
Compressed class space mapped at: 0x000001e081000000-0x000001e095000000, reserved size: 335544320
Narrow klass base: 0x000001e080000000, Narrow klass shift: 0, Narrow klass range: 0x100000000

GC Precious Log:
 CardTable entry size: 512
 Card Set container configuration: InlinePtr #cards 5 size 8 Array Of Cards #cards 12 size 40 Howl #buckets 4 coarsen threshold 1843 Howl Bitmap #cards 512 size 80 coarsen threshold 460 Card regions per heap region 1 cards per card region 2048
 CPUs: 12 total, 12 available
 Memory: 5829M
 Large Page Support: Disabled
 NUMA Support: Disabled
 Compressed Oops: Enabled (32-bit)
 Heap Region Size: 1M
 Heap Min Capacity: 256M
 Heap Initial Capacity: 256M
 Heap Max Capacity: 512M
 Pre-touch: Disabled
 Parallel Workers: 10
 Concurrent Workers: 3
 Concurrent Refinement Workers: 10
 Periodic GC: Disabled

Heap:
 garbage-first heap   total 262144K, used 143891K [0x00000000e0000000, 0x0000000100000000)
  region size 1024K, 119 young (121856K), 16 survivors (16384K)
 Metaspace       used 47898K, committed 49600K, reserved 393216K
  class space    used 6762K, committed 7616K, reserved 327680K

Heap Regions: E=young(eden), S=young(survivor), O=old, HS=humongous(starts), HC=humongous(continues), CS=collection set, F=free, TAMS=top-at-mark-start, PB=parsable bottom
|   0|0x00000000e0000000, 0x00000000e0100000, 0x00000000e0100000|100%|HS|  |TAMS 0x00000000e0000000| PB 0x00000000e0000000| Complete 
|   1|0x00000000e0100000, 0x00000000e0200000, 0x00000000e0200000|100%|HC|  |TAMS 0x00000000e0100000| PB 0x00000000e0100000| Complete 
|   2|0x00000000e0200000, 0x00000000e0300000, 0x00000000e0300000|100%|HC|  |TAMS 0x00000000e0200000| PB 0x00000000e0200000| Complete 
|   3|0x00000000e0300000, 0x00000000e0400000, 0x00000000e0400000|100%| O|  |TAMS 0x00000000e0300000| PB 0x00000000e0300000| Untracked 
|   4|0x00000000e0400000, 0x00000000e0500000, 0x00000000e0500000|100%| O|  |TAMS 0x00000000e0400000| PB 0x00000000e0400000| Untracked 
|   5|0x00000000e0500000, 0x00000000e0600000, 0x00000000e0600000|100%| O|  |TAMS 0x00000000e0500000| PB 0x00000000e0500000| Untracked 
|   6|0x00000000e0600000, 0x00000000e0700000, 0x00000000e0700000|100%|HS|  |TAMS 0x00000000e0600000| PB 0x00000000e0600000| Complete 
|   7|0x00000000e0700000, 0x00000000e0800000, 0x00000000e0800000|100%| O|  |TAMS 0x00000000e0700000| PB 0x00000000e0700000| Untracked 
|   8|0x00000000e0800000, 0x00000000e0900000, 0x00000000e0900000|100%| O|  |TAMS 0x00000000e0800000| PB 0x00000000e0800000| Untracked 
|   9|0x00000000e0900000, 0x00000000e0a00000, 0x00000000e0a00000|100%| O|  |TAMS 0x00000000e0900000| PB 0x00000000e0900000| Untracked 
|  10|0x00000000e0a00000, 0x00000000e0b00000, 0x00000000e0b00000|100%| O|  |TAMS 0x00000000e0a00000| PB 0x00000000e0a00000| Untracked 
|  11|0x00000000e0b00000, 0x00000000e0c00000, 0x00000000e0c00000|100%| O|  |TAMS 0x00000000e0b00000| PB 0x00000000e0b00000| Untracked 
|  12|0x00000000e0c00000, 0x00000000e0d00000, 0x00000000e0d00000|100%| O|Cm|TAMS 0x00000000e0c00000| PB 0x00000000e0c00000| Complete 
|  13|0x00000000e0d00000, 0x00000000e0e00000, 0x00000000e0e00000|100%| O|  |TAMS 0x00000000e0d00000| PB 0x00000000e0d00000| Untracked 
|  14|0x00000000e0e00000, 0x00000000e0f00000, 0x00000000e0f00000|100%| O|  |TAMS 0x00000000e0e00000| PB 0x00000000e0e00000| Untracked 
|  15|0x00000000e0f00000, 0x00000000e1000000, 0x00000000e1000000|100%| O|  |TAMS 0x00000000e0f00000| PB 0x00000000e0f00000| Untracked 
|  16|0x00000000e1000000, 0x00000000e10bffd0, 0x00000000e1100000| 74%| O|  |TAMS 0x00000000e1000000| PB 0x00000000e1000000| Untracked 
|  17|0x00000000e1100000, 0x00000000e1200000, 0x00000000e1200000|100%|HS|  |TAMS 0x00000000e1100000| PB 0x00000000e1100000| Complete 
|  18|0x00000000e1200000, 0x00000000e1300000, 0x00000000e1300000|100%|HS|  |TAMS 0x00000000e1200000| PB 0x00000000e1200000| Complete 
|  19|0x00000000e1300000, 0x00000000e1400000, 0x00000000e1400000|100%|HS|  |TAMS 0x00000000e1300000| PB 0x00000000e1300000| Complete 
|  20|0x00000000e1400000, 0x00000000e1500000, 0x00000000e1500000|100%|HS|  |TAMS 0x00000000e1400000| PB 0x00000000e1400000| Complete 
|  21|0x00000000e1500000, 0x00000000e1600000, 0x00000000e1600000|100%|HC|  |TAMS 0x00000000e1500000| PB 0x00000000e1500000| Complete 
|  22|0x00000000e1600000, 0x00000000e1700000, 0x00000000e1700000|100%|HS|  |TAMS 0x00000000e1600000| PB 0x00000000e1600000| Complete 
|  23|0x00000000e1700000, 0x00000000e1800000, 0x00000000e1800000|100%|HC|  |TAMS 0x00000000e1700000| PB 0x00000000e1700000| Complete 
|  24|0x00000000e1800000, 0x00000000e1800000, 0x00000000e1900000|  0%| F|  |TAMS 0x00000000e1800000| PB 0x00000000e1800000| Untracked 
|  25|0x00000000e1900000, 0x00000000e1900000, 0x00000000e1a00000|  0%| F|  |TAMS 0x00000000e1900000| PB 0x00000000e1900000| Untracked 
|  26|0x00000000e1a00000, 0x00000000e1a00000, 0x00000000e1b00000|  0%| F|  |TAMS 0x00000000e1a00000| PB 0x00000000e1a00000| Untracked 
|  27|0x00000000e1b00000, 0x00000000e1b00000, 0x00000000e1c00000|  0%| F|  |TAMS 0x00000000e1b00000| PB 0x00000000e1b00000| Untracked 
|  28|0x00000000e1c00000, 0x00000000e1c00000, 0x00000000e1d00000|  0%| F|  |TAMS 0x00000000e1c00000| PB 0x00000000e1c00000| Untracked 
|  29|0x00000000e1d00000, 0x00000000e1d00000, 0x00000000e1e00000|  0%| F|  |TAMS 0x00000000e1d00000| PB 0x00000000e1d00000| Untracked 
|  30|0x00000000e1e00000, 0x00000000e1e00000, 0x00000000e1f00000|  0%| F|  |TAMS 0x00000000e1e00000| PB 0x00000000e1e00000| Untracked 
|  31|0x00000000e1f00000, 0x00000000e1f00000, 0x00000000e2000000|  0%| F|  |TAMS 0x00000000e1f00000| PB 0x00000000e1f00000| Untracked 
|  32|0x00000000e2000000, 0x00000000e2000000, 0x00000000e2100000|  0%| F|  |TAMS 0x00000000e2000000| PB 0x00000000e2000000| Untracked 
|  33|0x00000000e2100000, 0x00000000e2100000, 0x00000000e2200000|  0%| F|  |TAMS 0x00000000e2100000| PB 0x00000000e2100000| Untracked 
|  34|0x00000000e2200000, 0x00000000e2200000, 0x00000000e2300000|  0%| F|  |TAMS 0x00000000e2200000| PB 0x00000000e2200000| Untracked 
|  35|0x00000000e2300000, 0x00000000e2300000, 0x00000000e2400000|  0%| F|  |TAMS 0x00000000e2300000| PB 0x00000000e2300000| Untracked 
|  36|0x00000000e2400000, 0x00000000e2400000, 0x00000000e2500000|  0%| F|  |TAMS 0x00000000e2400000| PB 0x00000000e2400000| Untracked 
|  37|0x00000000e2500000, 0x00000000e2500000, 0x00000000e2600000|  0%| F|  |TAMS 0x00000000e2500000| PB 0x00000000e2500000| Untracked 
|  38|0x00000000e2600000, 0x00000000e2600000, 0x00000000e2700000|  0%| F|  |TAMS 0x00000000e2600000| PB 0x00000000e2600000| Untracked 
|  39|0x00000000e2700000, 0x00000000e2700000, 0x00000000e2800000|  0%| F|  |TAMS 0x00000000e2700000| PB 0x00000000e2700000| Untracked 
|  40|0x00000000e2800000, 0x00000000e2800000, 0x00000000e2900000|  0%| F|  |TAMS 0x00000000e2800000| PB 0x00000000e2800000| Untracked 
|  41|0x00000000e2900000, 0x00000000e2900000, 0x00000000e2a00000|  0%| F|  |TAMS 0x00000000e2900000| PB 0x00000000e2900000| Untracked 
|  42|0x00000000e2a00000, 0x00000000e2a00000, 0x00000000e2b00000|  0%| F|  |TAMS 0x00000000e2a00000| PB 0x00000000e2a00000| Untracked 
|  43|0x00000000e2b00000, 0x00000000e2b00000, 0x00000000e2c00000|  0%| F|  |TAMS 0x00000000e2b00000| PB 0x00000000e2b00000| Untracked 
|  44|0x00000000e2c00000, 0x00000000e2c00000, 0x00000000e2d00000|  0%| F|  |TAMS 0x00000000e2c00000| PB 0x00000000e2c00000| Untracked 
|  45|0x00000000e2d00000, 0x00000000e2d00000, 0x00000000e2e00000|  0%| F|  |TAMS 0x00000000e2d00000| PB 0x00000000e2d00000| Untracked 
|  46|0x00000000e2e00000, 0x00000000e2e00000, 0x00000000e2f00000|  0%| F|  |TAMS 0x00000000e2e00000| PB 0x00000000e2e00000| Untracked 
|  47|0x00000000e2f00000, 0x00000000e2f00000, 0x00000000e3000000|  0%| F|  |TAMS 0x00000000e2f00000| PB 0x00000000e2f00000| Untracked 
|  48|0x00000000e3000000, 0x00000000e3000000, 0x00000000e3100000|  0%| F|  |TAMS 0x00000000e3000000| PB 0x00000000e3000000| Untracked 
|  49|0x00000000e3100000, 0x00000000e3100000, 0x00000000e3200000|  0%| F|  |TAMS 0x00000000e3100000| PB 0x00000000e3100000| Untracked 
|  50|0x00000000e3200000, 0x00000000e3200000, 0x00000000e3300000|  0%| F|  |TAMS 0x00000000e3200000| PB 0x00000000e3200000| Untracked 
|  51|0x00000000e3300000, 0x00000000e3300000, 0x00000000e3400000|  0%| F|  |TAMS 0x00000000e3300000| PB 0x00000000e3300000| Untracked 
|  52|0x00000000e3400000, 0x00000000e3400000, 0x00000000e3500000|  0%| F|  |TAMS 0x00000000e3400000| PB 0x00000000e3400000| Untracked 
|  53|0x00000000e3500000, 0x00000000e3500000, 0x00000000e3600000|  0%| F|  |TAMS 0x00000000e3500000| PB 0x00000000e3500000| Untracked 
|  54|0x00000000e3600000, 0x00000000e3600000, 0x00000000e3700000|  0%| F|  |TAMS 0x00000000e3600000| PB 0x00000000e3600000| Untracked 
|  55|0x00000000e3700000, 0x00000000e3700000, 0x00000000e3800000|  0%| F|  |TAMS 0x00000000e3700000| PB 0x00000000e3700000| Untracked 
|  56|0x00000000e3800000, 0x00000000e3800000, 0x00000000e3900000|  0%| F|  |TAMS 0x00000000e3800000| PB 0x00000000e3800000| Untracked 
|  57|0x00000000e3900000, 0x00000000e3900000, 0x00000000e3a00000|  0%| F|  |TAMS 0x00000000e3900000| PB 0x00000000e3900000| Untracked 
|  58|0x00000000e3a00000, 0x00000000e3a00000, 0x00000000e3b00000|  0%| F|  |TAMS 0x00000000e3a00000| PB 0x00000000e3a00000| Untracked 
|  59|0x00000000e3b00000, 0x00000000e3b00000, 0x00000000e3c00000|  0%| F|  |TAMS 0x00000000e3b00000| PB 0x00000000e3b00000| Untracked 
|  60|0x00000000e3c00000, 0x00000000e3c00000, 0x00000000e3d00000|  0%| F|  |TAMS 0x00000000e3c00000| PB 0x00000000e3c00000| Untracked 
|  61|0x00000000e3d00000, 0x00000000e3d00000, 0x00000000e3e00000|  0%| F|  |TAMS 0x00000000e3d00000| PB 0x00000000e3d00000| Untracked 
|  62|0x00000000e3e00000, 0x00000000e3e00000, 0x00000000e3f00000|  0%| F|  |TAMS 0x00000000e3e00000| PB 0x00000000e3e00000| Untracked 
|  63|0x00000000e3f00000, 0x00000000e3f00000, 0x00000000e4000000|  0%| F|  |TAMS 0x00000000e3f00000| PB 0x00000000e3f00000| Untracked 
|  64|0x00000000e4000000, 0x00000000e4000000, 0x00000000e4100000|  0%| F|  |TAMS 0x00000000e4000000| PB 0x00000000e4000000| Untracked 
|  65|0x00000000e4100000, 0x00000000e4100000, 0x00000000e4200000|  0%| F|  |TAMS 0x00000000e4100000| PB 0x00000000e4100000| Untracked 
|  66|0x00000000e4200000, 0x00000000e4200000, 0x00000000e4300000|  0%| F|  |TAMS 0x00000000e4200000| PB 0x00000000e4200000| Untracked 
|  67|0x00000000e4300000, 0x00000000e4300000, 0x00000000e4400000|  0%| F|  |TAMS 0x00000000e4300000| PB 0x00000000e4300000| Untracked 
|  68|0x00000000e4400000, 0x00000000e4400000, 0x00000000e4500000|  0%| F|  |TAMS 0x00000000e4400000| PB 0x00000000e4400000| Untracked 
|  69|0x00000000e4500000, 0x00000000e4500000, 0x00000000e4600000|  0%| F|  |TAMS 0x00000000e4500000| PB 0x00000000e4500000| Untracked 
|  70|0x00000000e4600000, 0x00000000e4600000, 0x00000000e4700000|  0%| F|  |TAMS 0x00000000e4600000| PB 0x00000000e4600000| Untracked 
|  71|0x00000000e4700000, 0x00000000e4700000, 0x00000000e4800000|  0%| F|  |TAMS 0x00000000e4700000| PB 0x00000000e4700000| Untracked 
|  72|0x00000000e4800000, 0x00000000e4800000, 0x00000000e4900000|  0%| F|  |TAMS 0x00000000e4800000| PB 0x00000000e4800000| Untracked 
|  73|0x00000000e4900000, 0x00000000e4900000, 0x00000000e4a00000|  0%| F|  |TAMS 0x00000000e4900000| PB 0x00000000e4900000| Untracked 
|  74|0x00000000e4a00000, 0x00000000e4a00000, 0x00000000e4b00000|  0%| F|  |TAMS 0x00000000e4a00000| PB 0x00000000e4a00000| Untracked 
|  75|0x00000000e4b00000, 0x00000000e4b00000, 0x00000000e4c00000|  0%| F|  |TAMS 0x00000000e4b00000| PB 0x00000000e4b00000| Untracked 
|  76|0x00000000e4c00000, 0x00000000e4c00000, 0x00000000e4d00000|  0%| F|  |TAMS 0x00000000e4c00000| PB 0x00000000e4c00000| Untracked 
|  77|0x00000000e4d00000, 0x00000000e4d00000, 0x00000000e4e00000|  0%| F|  |TAMS 0x00000000e4d00000| PB 0x00000000e4d00000| Untracked 
|  78|0x00000000e4e00000, 0x00000000e4e00000, 0x00000000e4f00000|  0%| F|  |TAMS 0x00000000e4e00000| PB 0x00000000e4e00000| Untracked 
|  79|0x00000000e4f00000, 0x00000000e4f00000, 0x00000000e5000000|  0%| F|  |TAMS 0x00000000e4f00000| PB 0x00000000e4f00000| Untracked 
|  80|0x00000000e5000000, 0x00000000e5000000, 0x00000000e5100000|  0%| F|  |TAMS 0x00000000e5000000| PB 0x00000000e5000000| Untracked 
|  81|0x00000000e5100000, 0x00000000e5100000, 0x00000000e5200000|  0%| F|  |TAMS 0x00000000e5100000| PB 0x00000000e5100000| Untracked 
|  82|0x00000000e5200000, 0x00000000e5200000, 0x00000000e5300000|  0%| F|  |TAMS 0x00000000e5200000| PB 0x00000000e5200000| Untracked 
|  83|0x00000000e5300000, 0x00000000e5300000, 0x00000000e5400000|  0%| F|  |TAMS 0x00000000e5300000| PB 0x00000000e5300000| Untracked 
|  84|0x00000000e5400000, 0x00000000e5400000, 0x00000000e5500000|  0%| F|  |TAMS 0x00000000e5400000| PB 0x00000000e5400000| Untracked 
|  85|0x00000000e5500000, 0x00000000e5500000, 0x00000000e5600000|  0%| F|  |TAMS 0x00000000e5500000| PB 0x00000000e5500000| Untracked 
|  86|0x00000000e5600000, 0x00000000e5600000, 0x00000000e5700000|  0%| F|  |TAMS 0x00000000e5600000| PB 0x00000000e5600000| Untracked 
|  87|0x00000000e5700000, 0x00000000e5700000, 0x00000000e5800000|  0%| F|  |TAMS 0x00000000e5700000| PB 0x00000000e5700000| Untracked 
|  88|0x00000000e5800000, 0x00000000e5800000, 0x00000000e5900000|  0%| F|  |TAMS 0x00000000e5800000| PB 0x00000000e5800000| Untracked 
|  89|0x00000000e5900000, 0x00000000e5900000, 0x00000000e5a00000|  0%| F|  |TAMS 0x00000000e5900000| PB 0x00000000e5900000| Untracked 
|  90|0x00000000e5a00000, 0x00000000e5a00000, 0x00000000e5b00000|  0%| F|  |TAMS 0x00000000e5a00000| PB 0x00000000e5a00000| Untracked 
|  91|0x00000000e5b00000, 0x00000000e5b00000, 0x00000000e5c00000|  0%| F|  |TAMS 0x00000000e5b00000| PB 0x00000000e5b00000| Untracked 
|  92|0x00000000e5c00000, 0x00000000e5c00000, 0x00000000e5d00000|  0%| F|  |TAMS 0x00000000e5c00000| PB 0x00000000e5c00000| Untracked 
|  93|0x00000000e5d00000, 0x00000000e5d00000, 0x00000000e5e00000|  0%| F|  |TAMS 0x00000000e5d00000| PB 0x00000000e5d00000| Untracked 
|  94|0x00000000e5e00000, 0x00000000e5e00000, 0x00000000e5f00000|  0%| F|  |TAMS 0x00000000e5e00000| PB 0x00000000e5e00000| Untracked 
|  95|0x00000000e5f00000, 0x00000000e5f00000, 0x00000000e6000000|  0%| F|  |TAMS 0x00000000e5f00000| PB 0x00000000e5f00000| Untracked 
|  96|0x00000000e6000000, 0x00000000e6000000, 0x00000000e6100000|  0%| F|  |TAMS 0x00000000e6000000| PB 0x00000000e6000000| Untracked 
|  97|0x00000000e6100000, 0x00000000e6100000, 0x00000000e6200000|  0%| F|  |TAMS 0x00000000e6100000| PB 0x00000000e6100000| Untracked 
|  98|0x00000000e6200000, 0x00000000e6200000, 0x00000000e6300000|  0%| F|  |TAMS 0x00000000e6200000| PB 0x00000000e6200000| Untracked 
|  99|0x00000000e6300000, 0x00000000e6300000, 0x00000000e6400000|  0%| F|  |TAMS 0x00000000e6300000| PB 0x00000000e6300000| Untracked 
| 100|0x00000000e6400000, 0x00000000e6400000, 0x00000000e6500000|  0%| F|  |TAMS 0x00000000e6400000| PB 0x00000000e6400000| Untracked 
| 101|0x00000000e6500000, 0x00000000e6500000, 0x00000000e6600000|  0%| F|  |TAMS 0x00000000e6500000| PB 0x00000000e6500000| Untracked 
| 102|0x00000000e6600000, 0x00000000e6600000, 0x00000000e6700000|  0%| F|  |TAMS 0x00000000e6600000| PB 0x00000000e6600000| Untracked 
| 103|0x00000000e6700000, 0x00000000e6700000, 0x00000000e6800000|  0%| F|  |TAMS 0x00000000e6700000| PB 0x00000000e6700000| Untracked 
| 104|0x00000000e6800000, 0x00000000e6800000, 0x00000000e6900000|  0%| F|  |TAMS 0x00000000e6800000| PB 0x00000000e6800000| Untracked 
| 105|0x00000000e6900000, 0x00000000e6900000, 0x00000000e6a00000|  0%| F|  |TAMS 0x00000000e6900000| PB 0x00000000e6900000| Untracked 
| 106|0x00000000e6a00000, 0x00000000e6a00000, 0x00000000e6b00000|  0%| F|  |TAMS 0x00000000e6a00000| PB 0x00000000e6a00000| Untracked 
| 107|0x00000000e6b00000, 0x00000000e6b00000, 0x00000000e6c00000|  0%| F|  |TAMS 0x00000000e6b00000| PB 0x00000000e6b00000| Untracked 
| 108|0x00000000e6c00000, 0x00000000e6c00000, 0x00000000e6d00000|  0%| F|  |TAMS 0x00000000e6c00000| PB 0x00000000e6c00000| Untracked 
| 109|0x00000000e6d00000, 0x00000000e6d00000, 0x00000000e6e00000|  0%| F|  |TAMS 0x00000000e6d00000| PB 0x00000000e6d00000| Untracked 
| 110|0x00000000e6e00000, 0x00000000e6e00000, 0x00000000e6f00000|  0%| F|  |TAMS 0x00000000e6e00000| PB 0x00000000e6e00000| Untracked 
| 111|0x00000000e6f00000, 0x00000000e6f00000, 0x00000000e7000000|  0%| F|  |TAMS 0x00000000e6f00000| PB 0x00000000e6f00000| Untracked 
| 112|0x00000000e7000000, 0x00000000e7000000, 0x00000000e7100000|  0%| F|  |TAMS 0x00000000e7000000| PB 0x00000000e7000000| Untracked 
| 113|0x00000000e7100000, 0x00000000e7100000, 0x00000000e7200000|  0%| F|  |TAMS 0x00000000e7100000| PB 0x00000000e7100000| Untracked 
| 114|0x00000000e7200000, 0x00000000e7200000, 0x00000000e7300000|  0%| F|  |TAMS 0x00000000e7200000| PB 0x00000000e7200000| Untracked 
| 115|0x00000000e7300000, 0x00000000e7300000, 0x00000000e7400000|  0%| F|  |TAMS 0x00000000e7300000| PB 0x00000000e7300000| Untracked 
| 116|0x00000000e7400000, 0x00000000e7400000, 0x00000000e7500000|  0%| F|  |TAMS 0x00000000e7400000| PB 0x00000000e7400000| Untracked 
| 117|0x00000000e7500000, 0x00000000e7500000, 0x00000000e7600000|  0%| F|  |TAMS 0x00000000e7500000| PB 0x00000000e7500000| Untracked 
| 118|0x00000000e7600000, 0x00000000e7600000, 0x00000000e7700000|  0%| F|  |TAMS 0x00000000e7600000| PB 0x00000000e7600000| Untracked 
| 119|0x00000000e7700000, 0x00000000e77c4cd0, 0x00000000e7800000| 76%| S|CS|TAMS 0x00000000e7700000| PB 0x00000000e7700000| Complete 
| 120|0x00000000e7800000, 0x00000000e7900000, 0x00000000e7900000|100%| S|CS|TAMS 0x00000000e7800000| PB 0x00000000e7800000| Complete 
| 121|0x00000000e7900000, 0x00000000e7a00000, 0x00000000e7a00000|100%| S|CS|TAMS 0x00000000e7900000| PB 0x00000000e7900000| Complete 
| 122|0x00000000e7a00000, 0x00000000e7b00000, 0x00000000e7b00000|100%| S|CS|TAMS 0x00000000e7a00000| PB 0x00000000e7a00000| Complete 
| 123|0x00000000e7b00000, 0x00000000e7c00000, 0x00000000e7c00000|100%| S|CS|TAMS 0x00000000e7b00000| PB 0x00000000e7b00000| Complete 
| 124|0x00000000e7c00000, 0x00000000e7d00000, 0x00000000e7d00000|100%| S|CS|TAMS 0x00000000e7c00000| PB 0x00000000e7c00000| Complete 
| 125|0x00000000e7d00000, 0x00000000e7e00000, 0x00000000e7e00000|100%| S|CS|TAMS 0x00000000e7d00000| PB 0x00000000e7d00000| Complete 
| 126|0x00000000e7e00000, 0x00000000e7f00000, 0x00000000e7f00000|100%| S|CS|TAMS 0x00000000e7e00000| PB 0x00000000e7e00000| Complete 
| 127|0x00000000e7f00000, 0x00000000e8000000, 0x00000000e8000000|100%| S|CS|TAMS 0x00000000e7f00000| PB 0x00000000e7f00000| Complete 
| 128|0x00000000e8000000, 0x00000000e8100000, 0x00000000e8100000|100%| S|CS|TAMS 0x00000000e8000000| PB 0x00000000e8000000| Complete 
| 129|0x00000000e8100000, 0x00000000e8200000, 0x00000000e8200000|100%| S|CS|TAMS 0x00000000e8100000| PB 0x00000000e8100000| Complete 
| 130|0x00000000e8200000, 0x00000000e8300000, 0x00000000e8300000|100%| S|CS|TAMS 0x00000000e8200000| PB 0x00000000e8200000| Complete 
| 131|0x00000000e8300000, 0x00000000e8400000, 0x00000000e8400000|100%| S|CS|TAMS 0x00000000e8300000| PB 0x00000000e8300000| Complete 
| 132|0x00000000e8400000, 0x00000000e8500000, 0x00000000e8500000|100%| S|CS|TAMS 0x00000000e8400000| PB 0x00000000e8400000| Complete 
| 133|0x00000000e8500000, 0x00000000e8600000, 0x00000000e8600000|100%| S|CS|TAMS 0x00000000e8500000| PB 0x00000000e8500000| Complete 
| 134|0x00000000e8600000, 0x00000000e8700000, 0x00000000e8700000|100%| S|CS|TAMS 0x00000000e8600000| PB 0x00000000e8600000| Complete 
| 135|0x00000000e8700000, 0x00000000e8700000, 0x00000000e8800000|  0%| F|  |TAMS 0x00000000e8700000| PB 0x00000000e8700000| Untracked 
| 136|0x00000000e8800000, 0x00000000e8800000, 0x00000000e8900000|  0%| F|  |TAMS 0x00000000e8800000| PB 0x00000000e8800000| Untracked 
| 137|0x00000000e8900000, 0x00000000e8900000, 0x00000000e8a00000|  0%| F|  |TAMS 0x00000000e8900000| PB 0x00000000e8900000| Untracked 
| 138|0x00000000e8a00000, 0x00000000e8a00000, 0x00000000e8b00000|  0%| F|  |TAMS 0x00000000e8a00000| PB 0x00000000e8a00000| Untracked 
| 139|0x00000000e8b00000, 0x00000000e8b00000, 0x00000000e8c00000|  0%| F|  |TAMS 0x00000000e8b00000| PB 0x00000000e8b00000| Untracked 
| 140|0x00000000e8c00000, 0x00000000e8c00000, 0x00000000e8d00000|  0%| F|  |TAMS 0x00000000e8c00000| PB 0x00000000e8c00000| Untracked 
| 141|0x00000000e8d00000, 0x00000000e8d00000, 0x00000000e8e00000|  0%| F|  |TAMS 0x00000000e8d00000| PB 0x00000000e8d00000| Untracked 
| 142|0x00000000e8e00000, 0x00000000e8e00000, 0x00000000e8f00000|  0%| F|  |TAMS 0x00000000e8e00000| PB 0x00000000e8e00000| Untracked 
| 143|0x00000000e8f00000, 0x00000000e8f00000, 0x00000000e9000000|  0%| F|  |TAMS 0x00000000e8f00000| PB 0x00000000e8f00000| Untracked 
| 144|0x00000000e9000000, 0x00000000e9000000, 0x00000000e9100000|  0%| F|  |TAMS 0x00000000e9000000| PB 0x00000000e9000000| Untracked 
| 145|0x00000000e9100000, 0x00000000e9100000, 0x00000000e9200000|  0%| F|  |TAMS 0x00000000e9100000| PB 0x00000000e9100000| Untracked 
| 146|0x00000000e9200000, 0x00000000e9200000, 0x00000000e9300000|  0%| F|  |TAMS 0x00000000e9200000| PB 0x00000000e9200000| Untracked 
| 147|0x00000000e9300000, 0x00000000e9300000, 0x00000000e9400000|  0%| F|  |TAMS 0x00000000e9300000| PB 0x00000000e9300000| Untracked 
| 148|0x00000000e9400000, 0x00000000e9400000, 0x00000000e9500000|  0%| F|  |TAMS 0x00000000e9400000| PB 0x00000000e9400000| Untracked 
| 149|0x00000000e9500000, 0x00000000e9500000, 0x00000000e9600000|  0%| F|  |TAMS 0x00000000e9500000| PB 0x00000000e9500000| Untracked 
| 150|0x00000000e9600000, 0x00000000e9600000, 0x00000000e9700000|  0%| F|  |TAMS 0x00000000e9600000| PB 0x00000000e9600000| Untracked 
| 151|0x00000000e9700000, 0x00000000e9700000, 0x00000000e9800000|  0%| F|  |TAMS 0x00000000e9700000| PB 0x00000000e9700000| Untracked 
| 152|0x00000000e9800000, 0x00000000e9880000, 0x00000000e9900000| 50%| E|  |TAMS 0x00000000e9800000| PB 0x00000000e9800000| Complete 
| 153|0x00000000e9900000, 0x00000000e9a00000, 0x00000000e9a00000|100%| E|CS|TAMS 0x00000000e9900000| PB 0x00000000e9900000| Complete 
| 154|0x00000000e9a00000, 0x00000000e9b00000, 0x00000000e9b00000|100%| E|CS|TAMS 0x00000000e9a00000| PB 0x00000000e9a00000| Complete 
| 155|0x00000000e9b00000, 0x00000000e9c00000, 0x00000000e9c00000|100%| E|CS|TAMS 0x00000000e9b00000| PB 0x00000000e9b00000| Complete 
| 156|0x00000000e9c00000, 0x00000000e9d00000, 0x00000000e9d00000|100%| E|CS|TAMS 0x00000000e9c00000| PB 0x00000000e9c00000| Complete 
| 157|0x00000000e9d00000, 0x00000000e9e00000, 0x00000000e9e00000|100%| E|CS|TAMS 0x00000000e9d00000| PB 0x00000000e9d00000| Complete 
| 158|0x00000000e9e00000, 0x00000000e9f00000, 0x00000000e9f00000|100%| E|CS|TAMS 0x00000000e9e00000| PB 0x00000000e9e00000| Complete 
| 159|0x00000000e9f00000, 0x00000000ea000000, 0x00000000ea000000|100%| E|CS|TAMS 0x00000000e9f00000| PB 0x00000000e9f00000| Complete 
| 160|0x00000000ea000000, 0x00000000ea100000, 0x00000000ea100000|100%| E|CS|TAMS 0x00000000ea000000| PB 0x00000000ea000000| Complete 
| 161|0x00000000ea100000, 0x00000000ea200000, 0x00000000ea200000|100%| E|CS|TAMS 0x00000000ea100000| PB 0x00000000ea100000| Complete 
| 162|0x00000000ea200000, 0x00000000ea300000, 0x00000000ea300000|100%| E|CS|TAMS 0x00000000ea200000| PB 0x00000000ea200000| Complete 
| 163|0x00000000ea300000, 0x00000000ea400000, 0x00000000ea400000|100%| E|CS|TAMS 0x00000000ea300000| PB 0x00000000ea300000| Complete 
| 164|0x00000000ea400000, 0x00000000ea500000, 0x00000000ea500000|100%| E|CS|TAMS 0x00000000ea400000| PB 0x00000000ea400000| Complete 
| 165|0x00000000ea500000, 0x00000000ea600000, 0x00000000ea600000|100%| E|CS|TAMS 0x00000000ea500000| PB 0x00000000ea500000| Complete 
| 166|0x00000000ea600000, 0x00000000ea700000, 0x00000000ea700000|100%| E|CS|TAMS 0x00000000ea600000| PB 0x00000000ea600000| Complete 
| 167|0x00000000ea700000, 0x00000000ea800000, 0x00000000ea800000|100%| E|CS|TAMS 0x00000000ea700000| PB 0x00000000ea700000| Complete 
| 168|0x00000000ea800000, 0x00000000ea900000, 0x00000000ea900000|100%| E|CS|TAMS 0x00000000ea800000| PB 0x00000000ea800000| Complete 
| 169|0x00000000ea900000, 0x00000000eaa00000, 0x00000000eaa00000|100%| E|CS|TAMS 0x00000000ea900000| PB 0x00000000ea900000| Complete 
| 170|0x00000000eaa00000, 0x00000000eab00000, 0x00000000eab00000|100%| E|CS|TAMS 0x00000000eaa00000| PB 0x00000000eaa00000| Complete 
| 171|0x00000000eab00000, 0x00000000eac00000, 0x00000000eac00000|100%| E|CS|TAMS 0x00000000eab00000| PB 0x00000000eab00000| Complete 
| 172|0x00000000eac00000, 0x00000000ead00000, 0x00000000ead00000|100%| E|CS|TAMS 0x00000000eac00000| PB 0x00000000eac00000| Complete 
| 173|0x00000000ead00000, 0x00000000eae00000, 0x00000000eae00000|100%| E|CS|TAMS 0x00000000ead00000| PB 0x00000000ead00000| Complete 
| 174|0x00000000eae00000, 0x00000000eaf00000, 0x00000000eaf00000|100%| E|CS|TAMS 0x00000000eae00000| PB 0x00000000eae00000| Complete 
| 175|0x00000000eaf00000, 0x00000000eb000000, 0x00000000eb000000|100%| E|CS|TAMS 0x00000000eaf00000| PB 0x00000000eaf00000| Complete 
| 176|0x00000000eb000000, 0x00000000eb100000, 0x00000000eb100000|100%| E|CS|TAMS 0x00000000eb000000| PB 0x00000000eb000000| Complete 
| 177|0x00000000eb100000, 0x00000000eb200000, 0x00000000eb200000|100%| E|CS|TAMS 0x00000000eb100000| PB 0x00000000eb100000| Complete 
| 178|0x00000000eb200000, 0x00000000eb300000, 0x00000000eb300000|100%| E|CS|TAMS 0x00000000eb200000| PB 0x00000000eb200000| Complete 
| 179|0x00000000eb300000, 0x00000000eb400000, 0x00000000eb400000|100%| E|CS|TAMS 0x00000000eb300000| PB 0x00000000eb300000| Complete 
| 180|0x00000000eb400000, 0x00000000eb500000, 0x00000000eb500000|100%| E|CS|TAMS 0x00000000eb400000| PB 0x00000000eb400000| Complete 
| 181|0x00000000eb500000, 0x00000000eb600000, 0x00000000eb600000|100%| E|CS|TAMS 0x00000000eb500000| PB 0x00000000eb500000| Complete 
| 182|0x00000000eb600000, 0x00000000eb700000, 0x00000000eb700000|100%| E|CS|TAMS 0x00000000eb600000| PB 0x00000000eb600000| Complete 
| 183|0x00000000eb700000, 0x00000000eb800000, 0x00000000eb800000|100%| E|CS|TAMS 0x00000000eb700000| PB 0x00000000eb700000| Complete 
| 184|0x00000000eb800000, 0x00000000eb900000, 0x00000000eb900000|100%| E|CS|TAMS 0x00000000eb800000| PB 0x00000000eb800000| Complete 
| 185|0x00000000eb900000, 0x00000000eba00000, 0x00000000eba00000|100%| E|CS|TAMS 0x00000000eb900000| PB 0x00000000eb900000| Complete 
| 186|0x00000000eba00000, 0x00000000ebb00000, 0x00000000ebb00000|100%| E|CS|TAMS 0x00000000eba00000| PB 0x00000000eba00000| Complete 
| 187|0x00000000ebb00000, 0x00000000ebc00000, 0x00000000ebc00000|100%| E|CS|TAMS 0x00000000ebb00000| PB 0x00000000ebb00000| Complete 
| 188|0x00000000ebc00000, 0x00000000ebd00000, 0x00000000ebd00000|100%| E|CS|TAMS 0x00000000ebc00000| PB 0x00000000ebc00000| Complete 
| 189|0x00000000ebd00000, 0x00000000ebe00000, 0x00000000ebe00000|100%| E|CS|TAMS 0x00000000ebd00000| PB 0x00000000ebd00000| Complete 
| 190|0x00000000ebe00000, 0x00000000ebf00000, 0x00000000ebf00000|100%| E|CS|TAMS 0x00000000ebe00000| PB 0x00000000ebe00000| Complete 
| 191|0x00000000ebf00000, 0x00000000ec000000, 0x00000000ec000000|100%| E|CS|TAMS 0x00000000ebf00000| PB 0x00000000ebf00000| Complete 
| 192|0x00000000ec000000, 0x00000000ec100000, 0x00000000ec100000|100%| E|CS|TAMS 0x00000000ec000000| PB 0x00000000ec000000| Complete 
| 193|0x00000000ec100000, 0x00000000ec200000, 0x00000000ec200000|100%| E|CS|TAMS 0x00000000ec100000| PB 0x00000000ec100000| Complete 
| 194|0x00000000ec200000, 0x00000000ec300000, 0x00000000ec300000|100%| E|  |TAMS 0x00000000ec200000| PB 0x00000000ec200000| Complete 
| 195|0x00000000ec300000, 0x00000000ec400000, 0x00000000ec400000|100%| E|CS|TAMS 0x00000000ec300000| PB 0x00000000ec300000| Complete 
| 196|0x00000000ec400000, 0x00000000ec500000, 0x00000000ec500000|100%| E|CS|TAMS 0x00000000ec400000| PB 0x00000000ec400000| Complete 
| 197|0x00000000ec500000, 0x00000000ec600000, 0x00000000ec600000|100%| E|CS|TAMS 0x00000000ec500000| PB 0x00000000ec500000| Complete 
| 198|0x00000000ec600000, 0x00000000ec700000, 0x00000000ec700000|100%| E|CS|TAMS 0x00000000ec600000| PB 0x00000000ec600000| Complete 
| 199|0x00000000ec700000, 0x00000000ec800000, 0x00000000ec800000|100%| E|CS|TAMS 0x00000000ec700000| PB 0x00000000ec700000| Complete 
| 200|0x00000000ec800000, 0x00000000ec900000, 0x00000000ec900000|100%| E|CS|TAMS 0x00000000ec800000| PB 0x00000000ec800000| Complete 
| 201|0x00000000ec900000, 0x00000000eca00000, 0x00000000eca00000|100%| E|CS|TAMS 0x00000000ec900000| PB 0x00000000ec900000| Complete 
| 202|0x00000000eca00000, 0x00000000ecb00000, 0x00000000ecb00000|100%| E|CS|TAMS 0x00000000eca00000| PB 0x00000000eca00000| Complete 
| 203|0x00000000ecb00000, 0x00000000ecc00000, 0x00000000ecc00000|100%| E|CS|TAMS 0x00000000ecb00000| PB 0x00000000ecb00000| Complete 
| 204|0x00000000ecc00000, 0x00000000ecd00000, 0x00000000ecd00000|100%| E|CS|TAMS 0x00000000ecc00000| PB 0x00000000ecc00000| Complete 
| 205|0x00000000ecd00000, 0x00000000ece00000, 0x00000000ece00000|100%| E|CS|TAMS 0x00000000ecd00000| PB 0x00000000ecd00000| Complete 
| 206|0x00000000ece00000, 0x00000000ecf00000, 0x00000000ecf00000|100%| E|CS|TAMS 0x00000000ece00000| PB 0x00000000ece00000| Complete 
| 207|0x00000000ecf00000, 0x00000000ed000000, 0x00000000ed000000|100%| E|CS|TAMS 0x00000000ecf00000| PB 0x00000000ecf00000| Complete 
| 208|0x00000000ed000000, 0x00000000ed100000, 0x00000000ed100000|100%| E|CS|TAMS 0x00000000ed000000| PB 0x00000000ed000000| Complete 
| 209|0x00000000ed100000, 0x00000000ed200000, 0x00000000ed200000|100%| E|CS|TAMS 0x00000000ed100000| PB 0x00000000ed100000| Complete 
| 210|0x00000000ed200000, 0x00000000ed300000, 0x00000000ed300000|100%| E|CS|TAMS 0x00000000ed200000| PB 0x00000000ed200000| Complete 
| 211|0x00000000ed300000, 0x00000000ed400000, 0x00000000ed400000|100%| E|CS|TAMS 0x00000000ed300000| PB 0x00000000ed300000| Complete 
| 212|0x00000000ed400000, 0x00000000ed500000, 0x00000000ed500000|100%| E|CS|TAMS 0x00000000ed400000| PB 0x00000000ed400000| Complete 
| 213|0x00000000ed500000, 0x00000000ed600000, 0x00000000ed600000|100%| E|CS|TAMS 0x00000000ed500000| PB 0x00000000ed500000| Complete 
| 214|0x00000000ed600000, 0x00000000ed700000, 0x00000000ed700000|100%| E|CS|TAMS 0x00000000ed600000| PB 0x00000000ed600000| Complete 
| 215|0x00000000ed700000, 0x00000000ed800000, 0x00000000ed800000|100%| E|CS|TAMS 0x00000000ed700000| PB 0x00000000ed700000| Complete 
| 216|0x00000000ed800000, 0x00000000ed900000, 0x00000000ed900000|100%| E|CS|TAMS 0x00000000ed800000| PB 0x00000000ed800000| Complete 
| 217|0x00000000ed900000, 0x00000000eda00000, 0x00000000eda00000|100%| E|CS|TAMS 0x00000000ed900000| PB 0x00000000ed900000| Complete 
| 218|0x00000000eda00000, 0x00000000edb00000, 0x00000000edb00000|100%| E|CS|TAMS 0x00000000eda00000| PB 0x00000000eda00000| Complete 
| 219|0x00000000edb00000, 0x00000000edc00000, 0x00000000edc00000|100%| E|CS|TAMS 0x00000000edb00000| PB 0x00000000edb00000| Complete 
| 220|0x00000000edc00000, 0x00000000edd00000, 0x00000000edd00000|100%| E|CS|TAMS 0x00000000edc00000| PB 0x00000000edc00000| Complete 
| 221|0x00000000edd00000, 0x00000000ede00000, 0x00000000ede00000|100%| E|CS|TAMS 0x00000000edd00000| PB 0x00000000edd00000| Complete 
| 222|0x00000000ede00000, 0x00000000edf00000, 0x00000000edf00000|100%| E|CS|TAMS 0x00000000ede00000| PB 0x00000000ede00000| Complete 
| 223|0x00000000edf00000, 0x00000000ee000000, 0x00000000ee000000|100%| E|CS|TAMS 0x00000000edf00000| PB 0x00000000edf00000| Complete 
| 224|0x00000000ee000000, 0x00000000ee100000, 0x00000000ee100000|100%| E|CS|TAMS 0x00000000ee000000| PB 0x00000000ee000000| Complete 
| 225|0x00000000ee100000, 0x00000000ee200000, 0x00000000ee200000|100%| E|CS|TAMS 0x00000000ee100000| PB 0x00000000ee100000| Complete 
| 226|0x00000000ee200000, 0x00000000ee300000, 0x00000000ee300000|100%| E|CS|TAMS 0x00000000ee200000| PB 0x00000000ee200000| Complete 
| 227|0x00000000ee300000, 0x00000000ee400000, 0x00000000ee400000|100%| E|CS|TAMS 0x00000000ee300000| PB 0x00000000ee300000| Complete 
| 228|0x00000000ee400000, 0x00000000ee500000, 0x00000000ee500000|100%| E|CS|TAMS 0x00000000ee400000| PB 0x00000000ee400000| Complete 
| 229|0x00000000ee500000, 0x00000000ee600000, 0x00000000ee600000|100%| E|CS|TAMS 0x00000000ee500000| PB 0x00000000ee500000| Complete 
| 230|0x00000000ee600000, 0x00000000ee700000, 0x00000000ee700000|100%| E|CS|TAMS 0x00000000ee600000| PB 0x00000000ee600000| Complete 
| 231|0x00000000ee700000, 0x00000000ee800000, 0x00000000ee800000|100%| E|CS|TAMS 0x00000000ee700000| PB 0x00000000ee700000| Complete 
| 232|0x00000000ee800000, 0x00000000ee900000, 0x00000000ee900000|100%| E|CS|TAMS 0x00000000ee800000| PB 0x00000000ee800000| Complete 
| 233|0x00000000ee900000, 0x00000000eea00000, 0x00000000eea00000|100%| E|CS|TAMS 0x00000000ee900000| PB 0x00000000ee900000| Complete 
| 234|0x00000000eea00000, 0x00000000eeb00000, 0x00000000eeb00000|100%| E|CS|TAMS 0x00000000eea00000| PB 0x00000000eea00000| Complete 
| 235|0x00000000eeb00000, 0x00000000eec00000, 0x00000000eec00000|100%| E|CS|TAMS 0x00000000eeb00000| PB 0x00000000eeb00000| Complete 
| 236|0x00000000eec00000, 0x00000000eed00000, 0x00000000eed00000|100%| E|CS|TAMS 0x00000000eec00000| PB 0x00000000eec00000| Complete 
| 237|0x00000000eed00000, 0x00000000eee00000, 0x00000000eee00000|100%| E|CS|TAMS 0x00000000eed00000| PB 0x00000000eed00000| Complete 
| 238|0x00000000eee00000, 0x00000000eef00000, 0x00000000eef00000|100%| E|CS|TAMS 0x00000000eee00000| PB 0x00000000eee00000| Complete 
| 239|0x00000000eef00000, 0x00000000ef000000, 0x00000000ef000000|100%| E|CS|TAMS 0x00000000eef00000| PB 0x00000000eef00000| Complete 
| 240|0x00000000ef000000, 0x00000000ef100000, 0x00000000ef100000|100%| E|CS|TAMS 0x00000000ef000000| PB 0x00000000ef000000| Complete 
| 241|0x00000000ef100000, 0x00000000ef200000, 0x00000000ef200000|100%| E|CS|TAMS 0x00000000ef100000| PB 0x00000000ef100000| Complete 
| 242|0x00000000ef200000, 0x00000000ef300000, 0x00000000ef300000|100%| E|CS|TAMS 0x00000000ef200000| PB 0x00000000ef200000| Complete 
| 243|0x00000000ef300000, 0x00000000ef400000, 0x00000000ef400000|100%| E|CS|TAMS 0x00000000ef300000| PB 0x00000000ef300000| Complete 
| 244|0x00000000ef400000, 0x00000000ef500000, 0x00000000ef500000|100%| E|CS|TAMS 0x00000000ef400000| PB 0x00000000ef400000| Complete 
| 245|0x00000000ef500000, 0x00000000ef600000, 0x00000000ef600000|100%| E|CS|TAMS 0x00000000ef500000| PB 0x00000000ef500000| Complete 
| 246|0x00000000ef600000, 0x00000000ef700000, 0x00000000ef700000|100%| E|CS|TAMS 0x00000000ef600000| PB 0x00000000ef600000| Complete 
| 247|0x00000000ef700000, 0x00000000ef800000, 0x00000000ef800000|100%| E|CS|TAMS 0x00000000ef700000| PB 0x00000000ef700000| Complete 
| 248|0x00000000ef800000, 0x00000000ef900000, 0x00000000ef900000|100%| E|CS|TAMS 0x00000000ef800000| PB 0x00000000ef800000| Complete 
| 249|0x00000000ef900000, 0x00000000efa00000, 0x00000000efa00000|100%| E|CS|TAMS 0x00000000ef900000| PB 0x00000000ef900000| Complete 
| 250|0x00000000efa00000, 0x00000000efb00000, 0x00000000efb00000|100%| E|CS|TAMS 0x00000000efa00000| PB 0x00000000efa00000| Complete 
| 251|0x00000000efb00000, 0x00000000efc00000, 0x00000000efc00000|100%| E|CS|TAMS 0x00000000efb00000| PB 0x00000000efb00000| Complete 
| 252|0x00000000efc00000, 0x00000000efd00000, 0x00000000efd00000|100%| E|CS|TAMS 0x00000000efc00000| PB 0x00000000efc00000| Complete 
| 253|0x00000000efd00000, 0x00000000efe00000, 0x00000000efe00000|100%| E|CS|TAMS 0x00000000efd00000| PB 0x00000000efd00000| Complete 
| 254|0x00000000efe00000, 0x00000000eff00000, 0x00000000eff00000|100%| E|CS|TAMS 0x00000000efe00000| PB 0x00000000efe00000| Complete 
| 255|0x00000000eff00000, 0x00000000f0000000, 0x00000000f0000000|100%| E|CS|TAMS 0x00000000eff00000| PB 0x00000000eff00000| Complete 

Card table byte_map: [0x000001e0eada0000,0x000001e0eaea0000] _byte_map_base: 0x000001e0ea6a0000

Marking Bits: (CMBitMap*) 0x000001e0d32e84f0
 Bits: [0x000001e0eaea0000, 0x000001e0eb6a0000)

Polling page: 0x000001e0d29c0000

Metaspace:

Usage:
  Non-class:     40.23 MB used.
      Class:      6.61 MB used.
       Both:     46.85 MB used.

Virtual space:
  Non-class space:       64.00 MB reserved,      41.06 MB ( 64%) committed,  1 nodes.
      Class space:      320.00 MB reserved,       7.44 MB (  2%) committed,  1 nodes.
             Both:      384.00 MB reserved,      48.50 MB ( 13%) committed. 

Chunk freelists:
   Non-Class:  6.75 MB
       Class:  8.39 MB
        Both:  15.14 MB

MaxMetaspaceSize: 384.00 MB
CompressedClassSpaceSize: 320.00 MB
Initial GC threshold: 21.00 MB
Current GC threshold: 58.69 MB
CDS: on
 - commit_granule_bytes: 65536.
 - commit_granule_words: 8192.
 - virtual_space_node_default_size: 8388608.
 - enlarge_chunks_in_place: 1.
 - use_allocation_guard: 0.


Internal statistics:

num_allocs_failed_limit: 6.
num_arena_births: 3022.
num_arena_deaths: 0.
num_vsnodes_births: 2.
num_vsnodes_deaths: 0.
num_space_committed: 776.
num_space_uncommitted: 0.
num_chunks_returned_to_freelist: 6.
num_chunks_taken_from_freelist: 5377.
num_chunk_merges: 6.
num_chunk_splits: 3423.
num_chunks_enlarged: 2042.
num_inconsistent_stats: 0.

CodeHeap 'non-profiled nmethods': size=120000Kb used=2738Kb max_used=2738Kb free=117261Kb
 bounds [0x000001e0e3220000, 0x000001e0e34d0000, 0x000001e0ea750000]
CodeHeap 'profiled nmethods': size=120000Kb used=8936Kb max_used=8936Kb free=111063Kb
 bounds [0x000001e0db750000, 0x000001e0dc010000, 0x000001e0e2c80000]
CodeHeap 'non-nmethods': size=5760Kb used=2736Kb max_used=2756Kb free=3023Kb
 bounds [0x000001e0e2c80000, 0x000001e0e2f40000, 0x000001e0e3220000]
 total_blobs=5349 nmethods=4488 adapters=764
 compilation: enabled
              stopped_count=0, restarted_count=0
 full_count=0

Compilation events (20 events):
Event: 7.052 Thread 0x000001e0ee4beeb0 4981       3       java.util.TreeMap::values (25 bytes)
Event: 7.052 Thread 0x000001e0ee4beeb0 nmethod 4981 0x000001e0dbff8a90 code [0x000001e0dbff8c60, 0x000001e0dbff8fd8]
Event: 7.053 Thread 0x000001e0ee4beeb0 4982       3       java.lang.invoke.MethodHandles$Lookup$ClassFile::<init> (20 bytes)
Event: 7.054 Thread 0x000001e0ee4beeb0 nmethod 4982 0x000001e0dbff9110 code [0x000001e0dbff92c0, 0x000001e0dbff94e8]
Event: 7.056 Thread 0x000001e0ee4beeb0 4983       3       sun.reflect.generics.repository.GenericDeclRepository::<init> (7 bytes)
Event: 7.056 Thread 0x000001e0ee4beeb0 nmethod 4983 0x000001e0dbff9590 code [0x000001e0dbff9760, 0x000001e0dbff9ab0]
Event: 7.056 Thread 0x000001e0ee4beeb0 4984       3       sun.reflect.generics.repository.AbstractRepository::<init> (19 bytes)
Event: 7.056 Thread 0x000001e0ee4beeb0 nmethod 4984 0x000001e0dbff9c10 code [0x000001e0dbff9dc0, 0x000001e0dbffa0b8]
Event: 7.058 Thread 0x000001e0ee483230 nmethod 4918 0x000001e0e34c6a10 code [0x000001e0e34c6d60, 0x000001e0e34c8520]
Event: 7.059 Thread 0x000001e0ee483230 4973       4       org.objectweb.asm.MethodWriter::visitVarInsn (302 bytes)
Event: 7.060 Thread 0x000001e0ee4beeb0 4986       3       org.gradle.internal.instantiation.generator.AsmBackedClassGenerator$ClassBuilderImpl::access$5800 (4 bytes)
Event: 7.060 Thread 0x000001e0ee4beeb0 nmethod 4986 0x000001e0dbb13490 code [0x000001e0dbb13620, 0x000001e0dbb13718]
Event: 7.062 Thread 0x000001e0ee483230 nmethod 4973 0x000001e0e34c9210 code [0x000001e0e34c9400, 0x000001e0e34c9860]
Event: 7.062 Thread 0x000001e0ee483230 4937       4       java.io.DataInputStream::readLong (20 bytes)
Event: 7.063 Thread 0x000001e0ee4beeb0 4987       3       org.objectweb.asm.Frame::execute (2303 bytes)
Event: 7.064 Thread 0x000001e0ee483230 nmethod 4937 0x000001e0e34c9b90 code [0x000001e0e34c9d40, 0x000001e0e34c9f18]
Event: 7.064 Thread 0x000001e0ee483230 4913       4       sun.invoke.util.VerifyAccess::isSamePackage (37 bytes)
Event: 7.066 Thread 0x000001e0ee4beeb0 nmethod 4987 0x000001e0dbffa190 code [0x000001e0dbffafe0, 0x000001e0dc001808]
Event: 7.066 Thread 0x000001e0ee4beeb0 4988       3       java.util.LinkedHashMap::<init> (21 bytes)
Event: 7.066 Thread 0x000001e0ee4beeb0 nmethod 4988 0x000001e0dc003490 code [0x000001e0dc003660, 0x000001e0dc0038d0]

GC Heap History (10 events):
Event: 0.409 GC heap before
{Heap before GC invocations=0 (full 0):
 garbage-first heap   total 262144K, used 22528K [0x00000000e0000000, 0x0000000100000000)
  region size 1024K, 23 young (23552K), 0 survivors (0K)
 Metaspace       used 1048K, committed 1152K, reserved 393216K
  class space    used 77K, committed 128K, reserved 327680K
}
Event: 0.411 GC heap after
{Heap after GC invocations=1 (full 0):
 garbage-first heap   total 262144K, used 1930K [0x00000000e0000000, 0x0000000100000000)
  region size 1024K, 2 young (2048K), 2 survivors (2048K)
 Metaspace       used 1048K, committed 1152K, reserved 393216K
  class space    used 77K, committed 128K, reserved 327680K
}
Event: 1.062 GC heap before
{Heap before GC invocations=1 (full 0):
 garbage-first heap   total 262144K, used 40842K [0x00000000e0000000, 0x0000000100000000)
  region size 1024K, 38 young (38912K), 2 survivors (2048K)
 Metaspace       used 4392K, committed 4608K, reserved 393216K
  class space    used 542K, committed 640K, reserved 327680K
}
Event: 1.067 GC heap after
{Heap after GC invocations=2 (full 0):
 garbage-first heap   total 262144K, used 10812K [0x00000000e0000000, 0x0000000100000000)
  region size 1024K, 5 young (5120K), 5 survivors (5120K)
 Metaspace       used 4392K, committed 4608K, reserved 393216K
  class space    used 542K, committed 640K, reserved 327680K
}
Event: 1.729 GC heap before
{Heap before GC invocations=2 (full 0):
 garbage-first heap   total 262144K, used 63036K [0x00000000e0000000, 0x0000000100000000)
  region size 1024K, 54 young (55296K), 5 survivors (5120K)
 Metaspace       used 5675K, committed 5952K, reserved 393216K
  class space    used 741K, committed 896K, reserved 327680K
}
Event: 1.736 GC heap after
{Heap after GC invocations=3 (full 0):
 garbage-first heap   total 262144K, used 17493K [0x00000000e0000000, 0x0000000100000000)
  region size 1024K, 6 young (6144K), 6 survivors (6144K)
 Metaspace       used 5675K, committed 5952K, reserved 393216K
  class space    used 741K, committed 896K, reserved 327680K
}
Event: 4.041 GC heap before
{Heap before GC invocations=3 (full 0):
 garbage-first heap   total 262144K, used 107605K [0x00000000e0000000, 0x0000000100000000)
  region size 1024K, 95 young (97280K), 6 survivors (6144K)
 Metaspace       used 20812K, committed 21504K, reserved 393216K
  class space    used 2973K, committed 3328K, reserved 327680K
}
Event: 4.050 GC heap after
{Heap after GC invocations=4 (full 0):
 garbage-first heap   total 262144K, used 24067K [0x00000000e0000000, 0x0000000100000000)
  region size 1024K, 12 young (12288K), 12 survivors (12288K)
 Metaspace       used 20812K, committed 21504K, reserved 393216K
  class space    used 2973K, committed 3328K, reserved 327680K
}
Event: 5.563 GC heap before
{Heap before GC invocations=5 (full 0):
 garbage-first heap   total 262144K, used 133635K [0x00000000e0000000, 0x0000000100000000)
  region size 1024K, 121 young (123904K), 12 survivors (12288K)
 Metaspace       used 34841K, committed 35968K, reserved 393216K
  class space    used 4890K, committed 5440K, reserved 327680K
}
Event: 5.576 GC heap after
{Heap after GC invocations=6 (full 0):
 garbage-first heap   total 262144K, used 33299K [0x00000000e0000000, 0x0000000100000000)
  region size 1024K, 16 young (16384K), 16 survivors (16384K)
 Metaspace       used 34841K, committed 35968K, reserved 393216K
  class space    used 4890K, committed 5440K, reserved 327680K
}

Dll operation events (15 events):
Event: 0.013 Loaded shared library C:\Program Files\Java\jdk-21\bin\java.dll
Event: 0.043 Loaded shared library C:\Program Files\Java\jdk-21\bin\jsvml.dll
Event: 0.082 Loaded shared library C:\Program Files\Java\jdk-21\bin\zip.dll
Event: 0.087 Loaded shared library C:\Program Files\Java\jdk-21\bin\instrument.dll
Event: 0.091 Loaded shared library C:\Program Files\Java\jdk-21\bin\net.dll
Event: 0.093 Loaded shared library C:\Program Files\Java\jdk-21\bin\nio.dll
Event: 0.095 Loaded shared library C:\Program Files\Java\jdk-21\bin\zip.dll
Event: 0.372 Loaded shared library C:\Program Files\Java\jdk-21\bin\jimage.dll
Event: 0.563 Loaded shared library C:\Program Files\Java\jdk-21\bin\verify.dll
Event: 0.646 Loaded shared library C:\Users\PC\.gradle\native\1def1411415f61bf3af743bc5b6707747c0891f09f0c88961ee8f79bc544acac\windows-amd64\native-platform.dll
Event: 0.663 Loaded shared library C:\Users\PC\.gradle\native\0.2.7\x86_64-windows-gnu\gradle-fileevents.dll
Event: 1.788 Loaded shared library C:\Program Files\Java\jdk-21\bin\management.dll
Event: 1.791 Loaded shared library C:\Program Files\Java\jdk-21\bin\management_ext.dll
Event: 1.918 Loaded shared library C:\Program Files\Java\jdk-21\bin\extnet.dll
Event: 2.101 Loaded shared library C:\Program Files\Java\jdk-21\bin\sunmscapi.dll

Deoptimization events (20 events):
Event: 6.909 Thread 0x000001e0f49e9a00 Uncommon trap: trap_request=0xffffff45 fr.pc=0x000001e0e34a2ac8 relative=0x0000000000005da8
Event: 6.909 Thread 0x000001e0f49e9a00 Uncommon trap: reason=unstable_if action=reinterpret pc=0x000001e0e34a2ac8 method=java.lang.invoke.InvokerBytecodeGenerator.addMethod()V @ 81 c2
Event: 6.909 Thread 0x000001e0f49e9a00 DEOPT PACKING pc=0x000001e0e34a2ac8 sp=0x0000003b976f6610
Event: 6.909 Thread 0x000001e0f49e9a00 DEOPT UNPACKING pc=0x000001e0e2cd46a2 sp=0x0000003b976f6630 mode 2
Event: 6.945 Thread 0x000001e0f49e9a00 Uncommon trap: trap_request=0xffffffde fr.pc=0x000001e0e33a6c90 relative=0x00000000000002d0
Event: 6.945 Thread 0x000001e0f49e9a00 Uncommon trap: reason=class_check action=maybe_recompile pc=0x000001e0e33a6c90 method=java.util.Collections$SetFromMap.remove(Ljava/lang/Object;)Z @ 5 c2
Event: 6.945 Thread 0x000001e0f49e9a00 DEOPT PACKING pc=0x000001e0e33a6c90 sp=0x0000003b976f89b0
Event: 6.945 Thread 0x000001e0f49e9a00 DEOPT UNPACKING pc=0x000001e0e2cd46a2 sp=0x0000003b976f8998 mode 2
Event: 6.965 Thread 0x000001e0f49e9a00 Uncommon trap: trap_request=0xffffffde fr.pc=0x000001e0e33a6c90 relative=0x00000000000002d0
Event: 6.965 Thread 0x000001e0f49e9a00 Uncommon trap: reason=class_check action=maybe_recompile pc=0x000001e0e33a6c90 method=java.util.Collections$SetFromMap.remove(Ljava/lang/Object;)Z @ 5 c2
Event: 6.965 Thread 0x000001e0f49e9a00 DEOPT PACKING pc=0x000001e0e33a6c90 sp=0x0000003b976f8b30
Event: 6.965 Thread 0x000001e0f49e9a00 DEOPT UNPACKING pc=0x000001e0e2cd46a2 sp=0x0000003b976f8b18 mode 2
Event: 7.031 Thread 0x000001e0f49e9a00 Uncommon trap: trap_request=0xffffff3d fr.pc=0x000001e0e33fdeec relative=0x0000000000000c6c
Event: 7.031 Thread 0x000001e0f49e9a00 Uncommon trap: reason=unstable_fused_if action=reinterpret pc=0x000001e0e33fdeec method=org.objectweb.asm.ByteVector.putUTF8(Ljava/lang/String;)Lorg/objectweb/asm/ByteVector; @ 93 c2
Event: 7.031 Thread 0x000001e0f49e9a00 DEOPT PACKING pc=0x000001e0e33fdeec sp=0x0000003b976f7660
Event: 7.031 Thread 0x000001e0f49e9a00 DEOPT UNPACKING pc=0x000001e0e2cd46a2 sp=0x0000003b976f75b8 mode 2
Event: 7.060 Thread 0x000001e0f49e9a00 Uncommon trap: trap_request=0xffffff45 fr.pc=0x000001e0e32c7750 relative=0x0000000000000ff0
Event: 7.060 Thread 0x000001e0f49e9a00 Uncommon trap: reason=unstable_if action=reinterpret pc=0x000001e0e32c7750 method=org.objectweb.asm.Frame.execute(IILorg/objectweb/asm/Symbol;Lorg/objectweb/asm/SymbolTable;)V @ 1 c2
Event: 7.060 Thread 0x000001e0f49e9a00 DEOPT PACKING pc=0x000001e0e32c7750 sp=0x0000003b976f85c0
Event: 7.060 Thread 0x000001e0f49e9a00 DEOPT UNPACKING pc=0x000001e0e2cd46a2 sp=0x0000003b976f8548 mode 2

Classes loaded (20 events):
Event: 6.320 Loading class javax/naming/NamingException
Event: 6.320 Loading class javax/naming/NamingException done
Event: 6.320 Loading class javax/naming/InvalidNameException
Event: 6.321 Loading class javax/naming/InvalidNameException done
Event: 6.462 Loading class com/sun/beans/finder/MethodFinder
Event: 6.463 Loading class com/sun/beans/finder/AbstractFinder
Event: 6.463 Loading class com/sun/beans/finder/AbstractFinder done
Event: 6.463 Loading class com/sun/beans/finder/MethodFinder done
Event: 6.463 Loading class com/sun/beans/finder/MethodFinder$1
Event: 6.464 Loading class com/sun/beans/finder/MethodFinder$1 done
Event: 6.464 Loading class com/sun/beans/finder/FinderUtils
Event: 6.464 Loading class com/sun/beans/finder/FinderUtils done
Event: 6.496 Loading class sun/reflect/MagicAccessorImpl
Event: 6.496 Loading class sun/reflect/MagicAccessorImpl done
Event: 6.533 Loading class java/util/function/IntBinaryOperator
Event: 6.533 Loading class java/util/function/IntBinaryOperator done
Event: 6.747 Loading class java/io/DeleteOnExitHook
Event: 6.747 Loading class java/io/DeleteOnExitHook done
Event: 6.747 Loading class java/io/DeleteOnExitHook$1
Event: 6.747 Loading class java/io/DeleteOnExitHook$1 done

Classes unloaded (0 events):
No events

Classes redefined (0 events):
No events

Internal exceptions (20 events):
Event: 6.545 Thread 0x000001e0f49e9a00 Exception <a 'java/lang/ClassNotFoundException'{0x00000000ebe5f238}: org/gradle/plugin/use/internal/PluginRequestCollector$PluginDependencySpecImplCustomizer> (0x00000000ebe5f238) 
thrown [s\open\src\hotspot\share\classfile\systemDictionary.cpp, line 312]
Event: 6.647 Thread 0x000001e0f49e9a00 Exception <a 'java/lang/NoSuchMethodError'{0x00000000eb6436c8}: 'java.lang.Object java.lang.invoke.DirectMethodHandle$Holder.newInvokeSpecial(java.lang.Object, java.lang.Object, java.lang.Object, java.lang.Object, java.lang.Object, java.lang.Object, java.lang.Object, java.lang.Object, java.lang.Object, java.lang.Object, java.lang.Object, java.lang.Object, java.lang.Object, java.lang.Object, java.lang.Object, java.lang.Object, java.lang.Object, java.lang.Object, java.lang.Object, java.lang.Object, java.lang
Event: 6.647 Thread 0x000001e0f49e9a00 Exception <a 'java/lang/NoSuchMethodError'{0x00000000eb64b2d0}: 'java.lang.Object java.lang.invoke.DirectMethodHandle$Holder.invokeSpecial(java.lang.Object, java.lang.Object, java.lang.Object, java.lang.Object, java.lang.Object, java.lang.Object, java.lang.Object, java.lang.Object, java.lang.Object, java.lang.Object, java.lang.Object, java.lang.Object, java.lang.Object, java.lang.Object, java.lang.Object, java.lang.Object, java.lang.Object, java.lang.Object, java.lang.Object, java.lang.Object, java.lang.Ob
Event: 6.647 Thread 0x000001e0f49e9a00 Exception <a 'java/lang/NoSuchMethodError'{0x00000000eb651620}: 'java.lang.Object java.lang.invoke.DelegatingMethodHandle$Holder.reinvoke_L(java.lang.Object, java.lang.Object, java.lang.Object, java.lang.Object, java.lang.Object, java.lang.Object, java.lang.Object, java.lang.Object, java.lang.Object, java.lang.Object, java.lang.Object, java.lang.Object, java.lang.Object, java.lang.Object, java.lang.Object, java.lang.Object, java.lang.Object, java.lang.Object, java.lang.Object, java.lang.Object, java.lang.O
Event: 6.685 Thread 0x000001e0f49e9a00 Exception <a 'java/lang/NoSuchMethodError'{0x00000000eb35a960}: 'java.lang.Object java.lang.invoke.DirectMethodHandle$Holder.newInvokeSpecial(java.lang.Object, java.lang.Object, java.lang.Object, int, java.lang.Object)'> (0x00000000eb35a960) 
thrown [s\open\src\hotspot\share\interpreter\linkResolver.cpp, line 773]
Event: 6.685 Thread 0x000001e0f49e9a00 Exception <a 'java/lang/NoSuchMethodError'{0x00000000eb362888}: 'java.lang.Object java.lang.invoke.Invokers$Holder.linkToTargetMethod(java.lang.Object, java.lang.Object, int, java.lang.Object, java.lang.Object)'> (0x00000000eb362888) 
thrown [s\open\src\hotspot\share\interpreter\linkResolver.cpp, line 773]
Event: 6.728 Thread 0x000001e0f49e9a00 Exception <a 'java/lang/NoSuchMethodError'{0x00000000eb064fa8}: 'java.lang.Object java.lang.invoke.DirectMethodHandle$Holder.newInvokeSpecial(java.lang.Object, int, java.lang.Object)'> (0x00000000eb064fa8) 
thrown [s\open\src\hotspot\share\interpreter\linkResolver.cpp, line 773]
Event: 6.805 Thread 0x000001e0f49e9a00 Exception <a 'java/lang/NoSuchMethodError'{0x00000000eaac0760}: 'java.lang.Object java.lang.invoke.DirectMethodHandle$Holder.newInvokeSpecial(java.lang.Object, java.lang.Object, java.lang.Object, int)'> (0x00000000eaac0760) 
thrown [s\open\src\hotspot\share\interpreter\linkResolver.cpp, line 773]
Event: 6.805 Thread 0x000001e0f49e9a00 Exception <a 'java/lang/NoSuchMethodError'{0x00000000eaac4e10}: 'java.lang.Object java.lang.invoke.Invokers$Holder.linkToTargetMethod(java.lang.Object, java.lang.Object, int, java.lang.Object)'> (0x00000000eaac4e10) 
thrown [s\open\src\hotspot\share\interpreter\linkResolver.cpp, line 773]
Event: 6.854 Thread 0x000001e0f49e9a00 Exception <a 'java/lang/NoSuchMethodError'{0x00000000ea72a820}: 'int java.lang.invoke.DirectMethodHandle$Holder.invokeSpecialIFC(java.lang.Object, java.lang.Object, java.lang.Object)'> (0x00000000ea72a820) 
thrown [s\open\src\hotspot\share\interpreter\linkResolver.cpp, line 773]
Event: 6.913 Thread 0x000001e0f49e9a00 Exception <a 'java/lang/NoSuchMethodError'{0x00000000ea312c98}: 'java.lang.Object java.lang.invoke.DirectMethodHandle$Holder.newInvokeSpecial(java.lang.Object, java.lang.Object, java.lang.Object, java.lang.Object, int)'> (0x00000000ea312c98) 
thrown [s\open\src\hotspot\share\interpreter\linkResolver.cpp, line 773]
Event: 6.913 Thread 0x000001e0f49e9a00 Exception <a 'java/lang/NoSuchMethodError'{0x00000000ea317d70}: 'java.lang.Object java.lang.invoke.DirectMethodHandle$Holder.invokeSpecial(java.lang.Object, java.lang.Object, java.lang.Object, java.lang.Object, java.lang.Object, int)'> (0x00000000ea317d70) 
thrown [s\open\src\hotspot\share\interpreter\linkResolver.cpp, line 773]
Event: 6.914 Thread 0x000001e0f49e9a00 Exception <a 'java/lang/NoSuchMethodError'{0x00000000ea31c810}: 'java.lang.Object java.lang.invoke.Invokers$Holder.linkToTargetMethod(java.lang.Object, java.lang.Object, java.lang.Object, int, java.lang.Object)'> (0x00000000ea31c810) 
thrown [s\open\src\hotspot\share\interpreter\linkResolver.cpp, line 773]
Event: 6.921 Thread 0x000001e0f49e9a00 Exception <a 'java/lang/NoSuchMethodError'{0x00000000ea366bf8}: 'java.lang.Object java.lang.invoke.DirectMethodHandle$Holder.newInvokeSpecial(java.lang.Object, java.lang.Object, long, java.lang.Object)'> (0x00000000ea366bf8) 
thrown [s\open\src\hotspot\share\interpreter\linkResolver.cpp, line 773]
Event: 6.921 Thread 0x000001e0f49e9a00 Exception <a 'java/lang/NoSuchMethodError'{0x00000000ea36b808}: 'java.lang.Object java.lang.invoke.DirectMethodHandle$Holder.invokeSpecial(java.lang.Object, java.lang.Object, java.lang.Object, long, java.lang.Object)'> (0x00000000ea36b808) 
thrown [s\open\src\hotspot\share\interpreter\linkResolver.cpp, line 773]
Event: 6.922 Thread 0x000001e0f49e9a00 Exception <a 'java/lang/NoSuchMethodError'{0x00000000ea36fed8}: 'java.lang.Object java.lang.invoke.Invokers$Holder.linkToTargetMethod(java.lang.Object, long, java.lang.Object, java.lang.Object)'> (0x00000000ea36fed8) 
thrown [s\open\src\hotspot\share\interpreter\linkResolver.cpp, line 773]
Event: 6.925 Thread 0x000001e0f49e9a00 Exception <a 'java/lang/NoSuchMethodError'{0x00000000ea395bf0}: 'void java.lang.invoke.DirectMethodHandle$Holder.invokeStatic(java.lang.Object, java.lang.Object, java.lang.Object, int, java.lang.Object)'> (0x00000000ea395bf0) 
thrown [s\open\src\hotspot\share\interpreter\linkResolver.cpp, line 773]
Event: 6.948 Thread 0x000001e0f49e9a00 Exception <a 'java/lang/NoSuchMethodError'{0x00000000ea13bd10}: 'int java.lang.invoke.DirectMethodHandle$Holder.invokeInterface(java.lang.Object, java.lang.Object, java.lang.Object, java.lang.Object, java.lang.Object)'> (0x00000000ea13bd10) 
thrown [s\open\src\hotspot\share\interpreter\linkResolver.cpp, line 773]
Event: 6.993 Thread 0x000001e0f49e9a00 Exception <a 'java/lang/NoSuchMethodError'{0x00000000e9f52e50}: 'java.lang.Object java.lang.invoke.DirectMethodHandle$Holder.invokeVirtual(java.lang.Object, java.lang.Object, java.lang.Object, java.lang.Object, java.lang.Object, java.lang.Object, java.lang.Object, java.lang.Object, java.lang.Object, java.lang.Object, java.lang.Object, java.lang.Object, java.lang.Object, java.lang.Object, java.lang.Object)'> (0x00000000e9f52e50) 
thrown [s\open\src\hotspot\share\interpreter\linkResolver.cpp, line 773]
Event: 7.002 Thread 0x000001e0f49e9a00 Exception <a 'java/lang/NoSuchMethodError'{0x00000000e9e27cb0}: 'java.lang.Object java.lang.invoke.DirectMethodHandle$Holder.newInvokeSpecial(java.lang.Object, java.lang.Object, java.lang.Object, java.lang.Object, java.lang.Object, java.lang.Object, java.lang.Object, java.lang.Object, java.lang.Object, java.lang.Object, java.lang.Object, java.lang.Object, java.lang.Object)'> (0x00000000e9e27cb0) 
thrown [s\open\src\hotspot\share\interpreter\linkResolver.cpp, line 773]

ZGC Phase Switch (0 events):
No events

VM Operations (20 events):
Event: 5.206 Executing VM operation: HandshakeAllThreads (Deoptimize) done
Event: 5.222 Executing VM operation: HandshakeAllThreads (Deoptimize)
Event: 5.222 Executing VM operation: HandshakeAllThreads (Deoptimize) done
Event: 5.359 Executing VM operation: ICBufferFull
Event: 5.359 Executing VM operation: ICBufferFull done
Event: 5.563 Executing VM operation: CollectForMetadataAllocation (Metadata GC Threshold)
Event: 5.577 Executing VM operation: CollectForMetadataAllocation (Metadata GC Threshold) done
Event: 5.583 Executing VM operation: G1PauseRemark
Event: 5.587 Executing VM operation: G1PauseRemark done
Event: 5.589 Executing VM operation: G1PauseCleanup
Event: 5.589 Executing VM operation: G1PauseCleanup done
Event: 6.083 Executing VM operation: HandshakeAllThreads (Deoptimize)
Event: 6.083 Executing VM operation: HandshakeAllThreads (Deoptimize) done
Event: 6.233 Executing VM operation: HandshakeAllThreads (Deoptimize)
Event: 6.233 Executing VM operation: HandshakeAllThreads (Deoptimize) done
Event: 6.305 Executing VM operation: ICBufferFull
Event: 6.305 Executing VM operation: ICBufferFull done
Event: 6.723 Executing VM operation: ICBufferFull
Event: 6.724 Executing VM operation: ICBufferFull done
Event: 7.736 Executing VM operation: Cleanup

Events (20 events):
Event: 5.586 Thread 0x000001e0ee341780 flushing nmethod 0x000001e0db8bec90
Event: 5.586 Thread 0x000001e0ee341780 flushing nmethod 0x000001e0db8c0290
Event: 5.586 Thread 0x000001e0ee341780 flushing nmethod 0x000001e0db8c0890
Event: 5.586 Thread 0x000001e0ee341780 flushing nmethod 0x000001e0db8c1090
Event: 5.586 Thread 0x000001e0ee341780 flushing nmethod 0x000001e0db8c1410
Event: 5.586 Thread 0x000001e0ee341780 flushing nmethod 0x000001e0db8c1b10
Event: 5.586 Thread 0x000001e0ee341780 flushing nmethod 0x000001e0db8c2590
Event: 5.586 Thread 0x000001e0ee341780 flushing nmethod 0x000001e0db926910
Event: 5.586 Thread 0x000001e0ee341780 flushing nmethod 0x000001e0db929410
Event: 5.586 Thread 0x000001e0ee341780 flushing nmethod 0x000001e0db92bc10
Event: 5.586 Thread 0x000001e0ee341780 flushing nmethod 0x000001e0db92c790
Event: 5.586 Thread 0x000001e0ee341780 flushing nmethod 0x000001e0db92cb90
Event: 5.586 Thread 0x000001e0ee341780 flushing nmethod 0x000001e0db92e490
Event: 5.586 Thread 0x000001e0ee341780 flushing nmethod 0x000001e0db98c490
Event: 5.586 Thread 0x000001e0ee341780 flushing nmethod 0x000001e0db98ea90
Event: 5.586 Thread 0x000001e0ee341780 flushing nmethod 0x000001e0db9c1490
Event: 5.586 Thread 0x000001e0ee341780 flushing nmethod 0x000001e0dba7cb10
Event: 5.814 Thread 0x000001e0f3290800 Thread added: 0x000001e0f3290800
Event: 5.867 Thread 0x000001e0f3290e90 Thread added: 0x000001e0f3290e90
Event: 6.440 Thread 0x000001e0f3292240 Thread added: 0x000001e0f3292240


Dynamic libraries:
0x00007ff7796a0000 - 0x00007ff7796b0000 	C:\Program Files\Java\jdk-21\bin\java.exe
0x00007ffac2bc0000 - 0x00007ffac2e25000 	C:\WINDOWS\SYSTEM32\ntdll.dll
0x00007ffac1d90000 - 0x00007ffac1e59000 	C:\WINDOWS\System32\KERNEL32.DLL
0x00007ffabfef0000 - 0x00007ffac02d8000 	C:\WINDOWS\System32\KERNELBASE.dll
0x00007ffabfd10000 - 0x00007ffabfe5b000 	C:\WINDOWS\System32\ucrtbase.dll
0x00007ffa84030000 - 0x00007ffa8404b000 	C:\Program Files\Java\jdk-21\bin\VCRUNTIME140.dll
0x00007ffa84420000 - 0x00007ffa84439000 	C:\Program Files\Java\jdk-21\bin\jli.dll
0x00007ffac23b0000 - 0x00007ffac2463000 	C:\WINDOWS\System32\ADVAPI32.dll
0x00007ffac0ee0000 - 0x00007ffac0f89000 	C:\WINDOWS\System32\msvcrt.dll
0x00007ffac2300000 - 0x00007ffac23a6000 	C:\WINDOWS\System32\sechost.dll
0x00007ffac1e60000 - 0x00007ffac1f75000 	C:\WINDOWS\System32\RPCRT4.dll
0x00007ffac0c60000 - 0x00007ffac0e2a000 	C:\WINDOWS\System32\USER32.dll
0x00007ffac0420000 - 0x00007ffac0447000 	C:\WINDOWS\System32\win32u.dll
0x00007ffa99250000 - 0x00007ffa994ea000 	C:\WINDOWS\WinSxS\amd64_microsoft.windows.common-controls_6595b64144ccf1df_6.0.26100.4202_none_3e0698d4e335f517\COMCTL32.dll
0x00007ffac0a00000 - 0x00007ffac0a2b000 	C:\WINDOWS\System32\GDI32.dll
0x00007ffac02e0000 - 0x00007ffac0417000 	C:\WINDOWS\System32\gdi32full.dll
0x00007ffac05d0000 - 0x00007ffac0673000 	C:\WINDOWS\System32\msvcp_win.dll
0x00007ffab8410000 - 0x00007ffab841b000 	C:\WINDOWS\SYSTEM32\VERSION.dll
0x00007ffac0c20000 - 0x00007ffac0c50000 	C:\WINDOWS\System32\IMM32.DLL
0x00007ffa90300000 - 0x00007ffa9030c000 	C:\Program Files\Java\jdk-21\bin\vcruntime140_1.dll
0x00007ffa72170000 - 0x00007ffa721fe000 	C:\Program Files\Java\jdk-21\bin\msvcp140.dll
0x00007ffa41e00000 - 0x00007ffa42b1a000 	C:\Program Files\Java\jdk-21\bin\server\jvm.dll
0x00007ffac1f90000 - 0x00007ffac2004000 	C:\WINDOWS\System32\WS2_32.dll
0x00007ffabfb60000 - 0x00007ffabfbbe000 	C:\WINDOWS\SYSTEM32\POWRPROF.dll
0x00007ffaaa1b0000 - 0x00007ffaaa1e5000 	C:\WINDOWS\SYSTEM32\WINMM.dll
0x00007ffabfb40000 - 0x00007ffabfb54000 	C:\WINDOWS\SYSTEM32\UMPDC.dll
0x00007ffabead0000 - 0x00007ffabeaeb000 	C:\WINDOWS\SYSTEM32\kernel.appcore.dll
0x00007ffa90230000 - 0x00007ffa9023a000 	C:\Program Files\Java\jdk-21\bin\jimage.dll
0x00007ffabd560000 - 0x00007ffabd7a1000 	C:\WINDOWS\SYSTEM32\DBGHELP.DLL
0x00007ffac1850000 - 0x00007ffac1bd5000 	C:\WINDOWS\System32\combase.dll
0x00007ffac0a30000 - 0x00007ffac0b11000 	C:\WINDOWS\System32\OLEAUT32.dll
0x00007ffaa0ac0000 - 0x00007ffaa0af9000 	C:\WINDOWS\SYSTEM32\dbgcore.DLL
0x00007ffac0740000 - 0x00007ffac07d9000 	C:\WINDOWS\System32\bcryptPrimitives.dll
0x00007ffa633f0000 - 0x00007ffa633ff000 	C:\Program Files\Java\jdk-21\bin\instrument.dll
0x00007ffa71f10000 - 0x00007ffa71f2f000 	C:\Program Files\Java\jdk-21\bin\java.dll
0x00007ffac1100000 - 0x00007ffac1842000 	C:\WINDOWS\System32\SHELL32.dll
0x00007ffac07e0000 - 0x00007ffac0954000 	C:\WINDOWS\System32\wintypes.dll
0x00007ffabd990000 - 0x00007ffabe1e8000 	C:\WINDOWS\SYSTEM32\windows.storage.dll
0x00007ffac2010000 - 0x00007ffac2101000 	C:\WINDOWS\System32\SHCORE.dll
0x00007ffac0990000 - 0x00007ffac09fa000 	C:\WINDOWS\System32\shlwapi.dll
0x00007ffabfc20000 - 0x00007ffabfc4f000 	C:\WINDOWS\SYSTEM32\profapi.dll
0x00007ffa48310000 - 0x00007ffa483e7000 	C:\Program Files\Java\jdk-21\bin\jsvml.dll
0x00007ffa488e0000 - 0x00007ffa488f8000 	C:\Program Files\Java\jdk-21\bin\zip.dll
0x00007ffa90190000 - 0x00007ffa901a0000 	C:\Program Files\Java\jdk-21\bin\net.dll
0x00007ffab9640000 - 0x00007ffab975e000 	C:\WINDOWS\SYSTEM32\WINHTTP.dll
0x00007ffabf040000 - 0x00007ffabf0aa000 	C:\WINDOWS\system32\mswsock.dll
0x00007ffa71ef0000 - 0x00007ffa71f06000 	C:\Program Files\Java\jdk-21\bin\nio.dll
0x00007ffa85100000 - 0x00007ffa85110000 	C:\Program Files\Java\jdk-21\bin\verify.dll
0x00007ffa03600000 - 0x00007ffa03627000 	C:\Users\PC\.gradle\native\1def1411415f61bf3af743bc5b6707747c0891f09f0c88961ee8f79bc544acac\windows-amd64\native-platform.dll
0x00007ffa720a0000 - 0x00007ffa72118000 	C:\Users\PC\.gradle\native\0.2.7\x86_64-windows-gnu\gradle-fileevents.dll
0x00007ffa84f00000 - 0x00007ffa84f0a000 	C:\Program Files\Java\jdk-21\bin\management.dll
0x00007ffa84df0000 - 0x00007ffa84dfb000 	C:\Program Files\Java\jdk-21\bin\management_ext.dll
0x00007ffac1f80000 - 0x00007ffac1f88000 	C:\WINDOWS\System32\PSAPI.DLL
0x00007ffabe500000 - 0x00007ffabe533000 	C:\WINDOWS\SYSTEM32\IPHLPAPI.DLL
0x00007ffac1070000 - 0x00007ffac107a000 	C:\WINDOWS\System32\NSI.dll
0x00007ffa64e70000 - 0x00007ffa64e79000 	C:\Program Files\Java\jdk-21\bin\extnet.dll
0x00007ffabf300000 - 0x00007ffabf31b000 	C:\WINDOWS\SYSTEM32\CRYPTSP.dll
0x00007ffabea30000 - 0x00007ffabea6a000 	C:\WINDOWS\system32\rsaenh.dll
0x00007ffabf0e0000 - 0x00007ffabf10b000 	C:\WINDOWS\SYSTEM32\USERENV.dll
0x00007ffabfbf0000 - 0x00007ffabfc16000 	C:\WINDOWS\SYSTEM32\bcrypt.dll
0x00007ffabf2f0000 - 0x00007ffabf2fc000 	C:\WINDOWS\SYSTEM32\CRYPTBASE.dll
0x00007ffa624a0000 - 0x00007ffa624ae000 	C:\Program Files\Java\jdk-21\bin\sunmscapi.dll
0x00007ffac0450000 - 0x00007ffac05c7000 	C:\WINDOWS\System32\CRYPT32.dll
0x00007ffabf510000 - 0x00007ffabf540000 	C:\WINDOWS\SYSTEM32\ncrypt.dll
0x00007ffabf4c0000 - 0x00007ffabf4ff000 	C:\WINDOWS\SYSTEM32\NTASN1.dll
0x00007ffab8c40000 - 0x00007ffab8c48000 	C:\WINDOWS\system32\wshunix.dll

dbghelp: loaded successfully - version: 4.0.5 - missing functions: none
symbol engine: initialized successfully - sym options: 0x614 - pdb path: .;C:\Program Files\Java\jdk-21\bin;C:\WINDOWS\SYSTEM32;C:\WINDOWS\WinSxS\amd64_microsoft.windows.common-controls_6595b64144ccf1df_6.0.26100.4202_none_3e0698d4e335f517;C:\Program Files\Java\jdk-21\bin\server;C:\Users\PC\.gradle\native\1def1411415f61bf3af743bc5b6707747c0891f09f0c88961ee8f79bc544acac\windows-amd64;C:\Users\PC\.gradle\native\0.2.7\x86_64-windows-gnu

VM Arguments:
jvm_args: --add-opens=java.base/java.lang=ALL-UNNAMED --add-opens=java.base/java.lang.invoke=ALL-UNNAMED --add-opens=java.base/java.util=ALL-UNNAMED --add-opens=java.prefs/java.util.prefs=ALL-UNNAMED --add-exports=jdk.compiler/com.sun.tools.javac.api=ALL-UNNAMED --add-exports=jdk.compiler/com.sun.tools.javac.util=ALL-UNNAMED --add-opens=java.base/java.util=ALL-UNNAMED --add-opens=java.prefs/java.util.prefs=ALL-UNNAMED --add-opens=java.base/java.nio.charset=ALL-UNNAMED --add-opens=java.base/java.net=ALL-UNNAMED --add-opens=java.base/java.util.concurrent.atomic=ALL-UNNAMED --add-opens=java.xml/javax.xml.namespace=ALL-UNNAMED -XX:MaxMetaspaceSize=384m -XX:+HeapDumpOnOutOfMemoryError -Xms256m -Xmx512m -Dfile.encoding=UTF-8 -Duser.country=VN -Duser.language=vi -Duser.variant -javaagent:C:\Users\PC\.gradle\wrapper\dists\gradle-8.14.2-bin\2pb3mgt1p815evrl3weanttgr\gradle-8.14.2\lib\agents\gradle-instrumentation-agent-8.14.2.jar 
java_command: org.gradle.launcher.daemon.bootstrap.GradleDaemon 8.14.2
java_class_path (initial): C:\Users\PC\.gradle\wrapper\dists\gradle-8.14.2-bin\2pb3mgt1p815evrl3weanttgr\gradle-8.14.2\lib\gradle-daemon-main-8.14.2.jar
Launcher Type: SUN_STANDARD

[Global flags]
     intx CICompilerCount                          = 4                                         {product} {ergonomic}
   size_t CompressedClassSpaceSize                 = 335544320                                 {product} {ergonomic}
     uint ConcGCThreads                            = 3                                         {product} {ergonomic}
     uint G1ConcRefinementThreads                  = 10                                        {product} {ergonomic}
   size_t G1HeapRegionSize                         = 1048576                                   {product} {ergonomic}
    uintx GCDrainStackTargetSize                   = 64                                        {product} {ergonomic}
     bool HeapDumpOnOutOfMemoryError               = true                                   {manageable} {command line}
   size_t InitialHeapSize                          = 268435456                                 {product} {command line}
   size_t MarkStackSize                            = 4194304                                   {product} {ergonomic}
   size_t MaxHeapSize                              = 536870912                                 {product} {command line}
   size_t MaxMetaspaceSize                         = 402653184                                 {product} {command line}
   size_t MaxNewSize                               = 321912832                                 {product} {ergonomic}
   size_t MinHeapDeltaBytes                        = 1048576                                   {product} {ergonomic}
   size_t MinHeapSize                              = 268435456                                 {product} {command line}
    uintx NonNMethodCodeHeapSize                   = 5839372                                {pd product} {ergonomic}
    uintx NonProfiledCodeHeapSize                  = 122909434                              {pd product} {ergonomic}
    uintx ProfiledCodeHeapSize                     = 122909434                              {pd product} {ergonomic}
    uintx ReservedCodeCacheSize                    = 251658240                              {pd product} {ergonomic}
     bool SegmentedCodeCache                       = true                                      {product} {ergonomic}
   size_t SoftMaxHeapSize                          = 536870912                              {manageable} {ergonomic}
     bool UseCompressedOops                        = true                           {product lp64_product} {ergonomic}
     bool UseG1GC                                  = true                                      {product} {ergonomic}
     bool UseLargePagesIndividualAllocation        = false                                  {pd product} {ergonomic}

Logging:
Log output configuration:
 #0: stdout all=warning uptime,level,tags foldmultilines=false
 #1: stderr all=off uptime,level,tags foldmultilines=false

Environment Variables:
PATH=C:\Program Files\Microsoft MPI\Bin\;C:\Program Files\Common Files\Oracle\Java\javapath;C:\Program Files (x86)\Common Files\Intel\Shared Libraries\redist\intel64\compiler;C:\Windows\system32;C:\Windows;C:\Windows\System32\Wbem;C:\Windows\System32\WindowsPowerShell\v1.0\;C:\Windows\System32\OpenSSH\;C:\Program Files\NVIDIA Corporation\NVIDIA NvDLISR;C:\WINDOWS\system32;C:\WINDOWS;C:\WINDOWS\System32\Wbem;C:\WINDOWS\System32\WindowsPowerShell\v1.0\;C:\WINDOWS\System32\OpenSSH\;C:\Program Files (x86)\Windows Kits\10\Windows Performance Toolkit\;C:\Program Files\dotnet\;C:\MinGW\bin;C:\Program Files (x86)\Microsoft SQL Server\160\Tools\Binn\;C:\Program Files\Microsoft SQL Server\160\Tools\Binn\;C:\Program Files\Microsoft SQL Server\Client SDK\ODBC\170\Tools\Binn\;C:\Program Files\Microsoft SQL Server\160\DTS\Binn\;C:\Program Files (x86)\Microsoft SQL Server\160\DTS\Binn\;D:\node.js\;D:\Git\cmd;D:\d8\;C:\Users\PC\AppData\Local\Microsoft\WindowsApps;C:\Users\PC\AppData\Local\Programs\Microsoft VS Code\bin;C:\Users\PC\.dotnet\tools;C:\Users\PC\AppData\Roaming\npm;D:\apache-maven-3.9.9-bin\apache-maven-3.9.9\bin;
USERNAME=PC
LANG=en_US.UTF-8
OS=Windows_NT
PROCESSOR_IDENTIFIER=AMD64 Family 25 Model 68 Stepping 1, AuthenticAMD
TMP=C:\Users\PC\AppData\Local\Temp
TEMP=C:\Users\PC\AppData\Local\Temp




Periodic native trim disabled

---------------  S Y S T E M  ---------------

OS:
 Windows 11 , 64 bit Build 26100 (10.0.26100.4202)
OS uptime: 0 days 7:41 hours

CPU: total 12 (initial active 12) (12 cores per cpu, 2 threads per core) family 25 model 68 stepping 1 microcode 0xa404101, cx8, cmov, fxsr, ht, mmx, 3dnowpref, sse, sse2, sse3, ssse3, sse4a, sse4.1, sse4.2, popcnt, lzcnt, tsc, tscinvbit, avx, avx2, aes, clmul, bmi1, bmi2, adx, sha, fma, vzeroupper, clflush, clflushopt, rdtscp, rdpid, f16c, pku, cet_ss
Processor Information for processor 0
  Max Mhz: 3301, Current Mhz: 3301, Mhz Limit: 3301
Processor Information for processor 1
  Max Mhz: 3301, Current Mhz: 2008, Mhz Limit: 3301
Processor Information for processor 2
  Max Mhz: 3301, Current Mhz: 3301, Mhz Limit: 3301
Processor Information for processor 3
  Max Mhz: 3301, Current Mhz: 3301, Mhz Limit: 3301
Processor Information for processor 4
  Max Mhz: 3301, Current Mhz: 3301, Mhz Limit: 3301
Processor Information for processor 5
  Max Mhz: 3301, Current Mhz: 2008, Mhz Limit: 3301
Processor Information for processor 6
  Max Mhz: 3301, Current Mhz: 2008, Mhz Limit: 3301
Processor Information for processor 7
  Max Mhz: 3301, Current Mhz: 2008, Mhz Limit: 3301
Processor Information for processor 8
  Max Mhz: 3301, Current Mhz: 3301, Mhz Limit: 3301
Processor Information for processor 9
  Max Mhz: 3301, Current Mhz: 3301, Mhz Limit: 3301
Processor Information for processor 10
  Max Mhz: 3301, Current Mhz: 2008, Mhz Limit: 3301
Processor Information for processor 11
  Max Mhz: 3301, Current Mhz: 2008, Mhz Limit: 3301

Memory: 4k page, system-wide physical 5829M (386M free)
TotalPageFile size 24261M (AvailPageFile size 32M)
current process WorkingSet (physical memory assigned to process): 346M, peak: 348M
current process commit charge ("private bytes"): 492M, peak: 493M

vm_info: Java HotSpot(TM) 64-Bit Server VM (21.0.7+8-LTS-245) for windows-amd64 JRE (21.0.7+8-LTS-245), built on 2025-02-21T05:11:27Z by "mach5one" with MS VC++ 17.6 (VS2022)

END.
